<?xml version="1.0" encoding="UTF-8"?>
<testsuites>
  <testsuite name="" tests="19" assertions="39" errors="0" warnings="0" failures="0" skipped="0" time="0.178175">
    <testsuite name="Report Test Suite" tests="19" assertions="39" errors="0" warnings="0" failures="0" skipped="0" time="0.178175">
      <testsuite name="App\Cards\CardGraphicTest" file="/home/miraju/git/dbwebb-kurser/mvc/me/report/tests/Cards/CardGraphicTest.php" tests="1" assertions="1" errors="0" warnings="0" failures="0" skipped="0" time="0.002270">
        <testcase name="testGetCardRep" class="App\Cards\CardGraphicTest" classname="App.Cards.CardGraphicTest" file="/home/miraju/git/dbwebb-kurser/mvc/me/report/tests/Cards/CardGraphicTest.php" line="22" assertions="1" time="0.002270"/>
      </testsuite>
      <testsuite name="App\Cards\CardHandTest" file="/home/miraju/git/dbwebb-kurser/mvc/me/report/tests/Cards/CardHandTest.php" tests="2" assertions="3" errors="0" warnings="0" failures="0" skipped="0" time="0.001151">
        <testcase name="testAdd" class="App\Cards\CardHandTest" classname="App.Cards.CardHandTest" file="/home/miraju/git/dbwebb-kurser/mvc/me/report/tests/Cards/CardHandTest.php" line="13" assertions="2" time="0.000696"/>
        <testcase name="testGetSum" class="App\Cards\CardHandTest" classname="App.Cards.CardHandTest" file="/home/miraju/git/dbwebb-kurser/mvc/me/report/tests/Cards/CardHandTest.php" line="27" assertions="1" time="0.000456"/>
      </testsuite>
      <testsuite name="App\Cards\CardTest" file="/home/miraju/git/dbwebb-kurser/mvc/me/report/tests/Cards/CardTest.php" tests="3" assertions="3" errors="0" warnings="0" failures="0" skipped="0" time="0.001442">
        <testcase name="testGetSuite" class="App\Cards\CardTest" classname="App.Cards.CardTest" file="/home/miraju/git/dbwebb-kurser/mvc/me/report/tests/Cards/CardTest.php" line="22" assertions="1" time="0.000380"/>
        <testcase name="testGetRank" class="App\Cards\CardTest" classname="App.Cards.CardTest" file="/home/miraju/git/dbwebb-kurser/mvc/me/report/tests/Cards/CardTest.php" line="27" assertions="1" time="0.000527"/>
        <testcase name="testGetPoint" class="App\Cards\CardTest" classname="App.Cards.CardTest" file="/home/miraju/git/dbwebb-kurser/mvc/me/report/tests/Cards/CardTest.php" line="32" assertions="1" time="0.000534"/>
      </testsuite>
      <testsuite name="App\Cards\DeckTest" file="/home/miraju/git/dbwebb-kurser/mvc/me/report/tests/Cards/DeckTest.php" tests="4" assertions="8" errors="0" warnings="0" failures="0" skipped="0" time="0.005043">
        <testcase name="testCreateDeck" class="App\Cards\DeckTest" classname="App.Cards.DeckTest" file="/home/miraju/git/dbwebb-kurser/mvc/me/report/tests/Cards/DeckTest.php" line="13" assertions="2" time="0.001341"/>
        <testcase name="testDraw" class="App\Cards\DeckTest" classname="App.Cards.DeckTest" file="/home/miraju/git/dbwebb-kurser/mvc/me/report/tests/Cards/DeckTest.php" line="22" assertions="3" time="0.000795"/>
        <testcase name="testCardLeft" class="App\Cards\DeckTest" classname="App.Cards.DeckTest" file="/home/miraju/git/dbwebb-kurser/mvc/me/report/tests/Cards/DeckTest.php" line="34" assertions="2" time="0.000974"/>
        <testcase name="testShuffleDeck" class="App\Cards\DeckTest" classname="App.Cards.DeckTest" file="/home/miraju/git/dbwebb-kurser/mvc/me/report/tests/Cards/DeckTest.php" line="44" assertions="1" time="0.001933"/>
      </testsuite>
      <testsuite name="App\Cards\TestGame21" file="/home/miraju/git/dbwebb-kurser/mvc/me/report/tests/Cards/Game21Test.php" tests="5" assertions="16" errors="0" warnings="0" failures="0" skipped="0" time="0.004992">
        <testcase name="testPlayerDraw" class="App\Cards\TestGame21" classname="App.Cards.TestGame21" file="/home/miraju/git/dbwebb-kurser/mvc/me/report/tests/Cards/Game21Test.php" line="13" assertions="3" time="0.001105"/>
        <testcase name="testBankDraw" class="App\Cards\TestGame21" classname="App.Cards.TestGame21" file="/home/miraju/git/dbwebb-kurser/mvc/me/report/tests/Cards/Game21Test.php" line="24" assertions="3" time="0.000805"/>
        <testcase name="testSetGameover" class="App\Cards\TestGame21" classname="App.Cards.TestGame21" file="/home/miraju/git/dbwebb-kurser/mvc/me/report/tests/Cards/Game21Test.php" line="35" assertions="2" time="0.000582"/>
        <testcase name="testBankTurn" class="App\Cards\TestGame21" classname="App.Cards.TestGame21" file="/home/miraju/git/dbwebb-kurser/mvc/me/report/tests/Cards/Game21Test.php" line="44" assertions="3" time="0.001298"/>
        <testcase name="testComparePoints" class="App\Cards\TestGame21" classname="App.Cards.TestGame21" file="/home/miraju/git/dbwebb-kurser/mvc/me/report/tests/Cards/Game21Test.php" line="54" assertions="5" time="0.001203"/>
      </testsuite>
      <testsuite name="App\Controller\CardControllerTest" file="/home/miraju/git/dbwebb-kurser/mvc/me/report/tests/Controller/CardControllerTest.php" tests="4" assertions="8" errors="0" warnings="0" failures="0" skipped="0" time="0.163277">
        <testcase name="testLandingPage" class="App\Controller\CardControllerTest" classname="App.Controller.CardControllerTest" file="/home/miraju/git/dbwebb-kurser/mvc/me/report/tests/Controller/CardControllerTest.php" line="13" assertions="3" time="0.108961"/>
        <testcase name="testDeck" class="App\Controller\CardControllerTest" classname="App.Controller.CardControllerTest" file="/home/miraju/git/dbwebb-kurser/mvc/me/report/tests/Controller/CardControllerTest.php" line="23" assertions="2" time="0.013497"/>
        <testcase name="testShuffle" class="App\Controller\CardControllerTest" classname="App.Controller.CardControllerTest" file="/home/miraju/git/dbwebb-kurser/mvc/me/report/tests/Controller/CardControllerTest.php" line="31" assertions="2" time="0.014320"/>
        <testcase name="testDraw" class="App\Controller\CardControllerTest" classname="App.Controller.CardControllerTest" file="/home/miraju/git/dbwebb-kurser/mvc/me/report/tests/Controller/CardControllerTest.php" line="39" assertions="1" time="0.026499"/>
      </testsuite>
    </testsuite>
  </testsuite>
</testsuites>
