<?xml version="1.0" encoding="UTF-8"?>
<testsuites>
  <testsuite name="" tests="48" assertions="95" errors="0" warnings="0" failures="0" skipped="0" time="0.326147">
    <testsuite name="Report Test Suite" tests="48" assertions="95" errors="0" warnings="0" failures="0" skipped="0" time="0.326147">
      <testsuite name="App\Cards\CardGraphicTest" file="/home/miraju/git/dbwebb-kurser/mvc/me/report/tests/Cards/CardGraphicTest.php" tests="1" assertions="1" errors="0" warnings="0" failures="0" skipped="0" time="0.002115">
        <testcase name="testGetCardRep" class="App\Cards\CardGraphicTest" classname="App.Cards.CardGraphicTest" file="/home/miraju/git/dbwebb-kurser/mvc/me/report/tests/Cards/CardGraphicTest.php" line="22" assertions="1" time="0.002115"/>
      </testsuite>
      <testsuite name="App\Cards\CardHandTest" file="/home/miraju/git/dbwebb-kurser/mvc/me/report/tests/Cards/CardHandTest.php" tests="2" assertions="3" errors="0" warnings="0" failures="0" skipped="0" time="0.001157">
        <testcase name="testAdd" class="App\Cards\CardHandTest" classname="App.Cards.CardHandTest" file="/home/miraju/git/dbwebb-kurser/mvc/me/report/tests/Cards/CardHandTest.php" line="13" assertions="2" time="0.000726"/>
        <testcase name="testGetSum" class="App\Cards\CardHandTest" classname="App.Cards.CardHandTest" file="/home/miraju/git/dbwebb-kurser/mvc/me/report/tests/Cards/CardHandTest.php" line="27" assertions="1" time="0.000432"/>
      </testsuite>
      <testsuite name="App\Cards\CardTest" file="/home/miraju/git/dbwebb-kurser/mvc/me/report/tests/Cards/CardTest.php" tests="3" assertions="3" errors="0" warnings="0" failures="0" skipped="0" time="0.001341">
        <testcase name="testGetSuite" class="App\Cards\CardTest" classname="App.Cards.CardTest" file="/home/miraju/git/dbwebb-kurser/mvc/me/report/tests/Cards/CardTest.php" line="22" assertions="1" time="0.000479"/>
        <testcase name="testGetRank" class="App\Cards\CardTest" classname="App.Cards.CardTest" file="/home/miraju/git/dbwebb-kurser/mvc/me/report/tests/Cards/CardTest.php" line="27" assertions="1" time="0.000403"/>
        <testcase name="testGetPoint" class="App\Cards\CardTest" classname="App.Cards.CardTest" file="/home/miraju/git/dbwebb-kurser/mvc/me/report/tests/Cards/CardTest.php" line="32" assertions="1" time="0.000459"/>
      </testsuite>
      <testsuite name="App\Cards\DeckTest" file="/home/miraju/git/dbwebb-kurser/mvc/me/report/tests/Cards/DeckTest.php" tests="4" assertions="8" errors="0" warnings="0" failures="0" skipped="0" time="0.003553">
        <testcase name="testCreateDeck" class="App\Cards\DeckTest" classname="App.Cards.DeckTest" file="/home/miraju/git/dbwebb-kurser/mvc/me/report/tests/Cards/DeckTest.php" line="13" assertions="2" time="0.000940"/>
        <testcase name="testDraw" class="App\Cards\DeckTest" classname="App.Cards.DeckTest" file="/home/miraju/git/dbwebb-kurser/mvc/me/report/tests/Cards/DeckTest.php" line="22" assertions="3" time="0.000662"/>
        <testcase name="testCardLeft" class="App\Cards\DeckTest" classname="App.Cards.DeckTest" file="/home/miraju/git/dbwebb-kurser/mvc/me/report/tests/Cards/DeckTest.php" line="34" assertions="2" time="0.000705"/>
        <testcase name="testShuffleDeck" class="App\Cards\DeckTest" classname="App.Cards.DeckTest" file="/home/miraju/git/dbwebb-kurser/mvc/me/report/tests/Cards/DeckTest.php" line="44" assertions="1" time="0.001246"/>
      </testsuite>
      <testsuite name="App\Cards\FiveCardPokerTest" file="/home/miraju/git/dbwebb-kurser/mvc/me/report/tests/Cards/FiveCardPokerTest.php" tests="23" assertions="33" errors="0" warnings="0" failures="0" skipped="0" time="0.023871">
        <testcase name="testDealHand" class="App\Cards\FiveCardPokerTest" classname="App.Cards.FiveCardPokerTest" file="/home/miraju/git/dbwebb-kurser/mvc/me/report/tests/Cards/FiveCardPokerTest.php" line="13" assertions="2" time="0.001438"/>
        <testcase name="testGetTurn" class="App\Cards\FiveCardPokerTest" classname="App.Cards.FiveCardPokerTest" file="/home/miraju/git/dbwebb-kurser/mvc/me/report/tests/Cards/FiveCardPokerTest.php" line="22" assertions="2" time="0.000780"/>
        <testcase name="testGetPot" class="App\Cards\FiveCardPokerTest" classname="App.Cards.FiveCardPokerTest" file="/home/miraju/git/dbwebb-kurser/mvc/me/report/tests/Cards/FiveCardPokerTest.php" line="30" assertions="2" time="0.000521"/>
        <testcase name="testIncPot" class="App\Cards\FiveCardPokerTest" classname="App.Cards.FiveCardPokerTest" file="/home/miraju/git/dbwebb-kurser/mvc/me/report/tests/Cards/FiveCardPokerTest.php" line="38" assertions="2" time="0.000655"/>
        <testcase name="testIncTurn" class="App\Cards\FiveCardPokerTest" classname="App.Cards.FiveCardPokerTest" file="/home/miraju/git/dbwebb-kurser/mvc/me/report/tests/Cards/FiveCardPokerTest.php" line="48" assertions="2" time="0.000584"/>
        <testcase name="testSwapCard" class="App\Cards\FiveCardPokerTest" classname="App.Cards.FiveCardPokerTest" file="/home/miraju/git/dbwebb-kurser/mvc/me/report/tests/Cards/FiveCardPokerTest.php" line="57" assertions="2" time="0.001267"/>
        <testcase name="testHighCard" class="App\Cards\FiveCardPokerTest" classname="App.Cards.FiveCardPokerTest" file="/home/miraju/git/dbwebb-kurser/mvc/me/report/tests/Cards/FiveCardPokerTest.php" line="78" assertions="1" time="0.000893"/>
        <testcase name="testOnePair" class="App\Cards\FiveCardPokerTest" classname="App.Cards.FiveCardPokerTest" file="/home/miraju/git/dbwebb-kurser/mvc/me/report/tests/Cards/FiveCardPokerTest.php" line="95" assertions="1" time="0.000587"/>
        <testcase name="testTwoPair" class="App\Cards\FiveCardPokerTest" classname="App.Cards.FiveCardPokerTest" file="/home/miraju/git/dbwebb-kurser/mvc/me/report/tests/Cards/FiveCardPokerTest.php" line="112" assertions="1" time="0.000866"/>
        <testcase name="testThreeOfAKind" class="App\Cards\FiveCardPokerTest" classname="App.Cards.FiveCardPokerTest" file="/home/miraju/git/dbwebb-kurser/mvc/me/report/tests/Cards/FiveCardPokerTest.php" line="129" assertions="1" time="0.000790"/>
        <testcase name="testFullHouse" class="App\Cards\FiveCardPokerTest" classname="App.Cards.FiveCardPokerTest" file="/home/miraju/git/dbwebb-kurser/mvc/me/report/tests/Cards/FiveCardPokerTest.php" line="146" assertions="1" time="0.000805"/>
        <testcase name="testFourOfAKind" class="App\Cards\FiveCardPokerTest" classname="App.Cards.FiveCardPokerTest" file="/home/miraju/git/dbwebb-kurser/mvc/me/report/tests/Cards/FiveCardPokerTest.php" line="163" assertions="1" time="0.000676"/>
        <testcase name="testIsStraight" class="App\Cards\FiveCardPokerTest" classname="App.Cards.FiveCardPokerTest" file="/home/miraju/git/dbwebb-kurser/mvc/me/report/tests/Cards/FiveCardPokerTest.php" line="180" assertions="1" time="0.000629"/>
        <testcase name="testIsFlush" class="App\Cards\FiveCardPokerTest" classname="App.Cards.FiveCardPokerTest" file="/home/miraju/git/dbwebb-kurser/mvc/me/report/tests/Cards/FiveCardPokerTest.php" line="197" assertions="1" time="0.001037"/>
        <testcase name="testIsStraightFlush" class="App\Cards\FiveCardPokerTest" classname="App.Cards.FiveCardPokerTest" file="/home/miraju/git/dbwebb-kurser/mvc/me/report/tests/Cards/FiveCardPokerTest.php" line="214" assertions="1" time="0.000752"/>
        <testcase name="testIsRoyalFlush" class="App\Cards\FiveCardPokerTest" classname="App.Cards.FiveCardPokerTest" file="/home/miraju/git/dbwebb-kurser/mvc/me/report/tests/Cards/FiveCardPokerTest.php" line="231" assertions="1" time="0.000538"/>
        <testcase name="testCompareHighCardPlayerWin" class="App\Cards\FiveCardPokerTest" classname="App.Cards.FiveCardPokerTest" file="/home/miraju/git/dbwebb-kurser/mvc/me/report/tests/Cards/FiveCardPokerTest.php" line="248" assertions="2" time="0.001562"/>
        <testcase name="testCompareHighCardComWin" class="App\Cards\FiveCardPokerTest" classname="App.Cards.FiveCardPokerTest" file="/home/miraju/git/dbwebb-kurser/mvc/me/report/tests/Cards/FiveCardPokerTest.php" line="296" assertions="2" time="0.002065"/>
        <testcase name="testCompareHighCardDraw" class="App\Cards\FiveCardPokerTest" classname="App.Cards.FiveCardPokerTest" file="/home/miraju/git/dbwebb-kurser/mvc/me/report/tests/Cards/FiveCardPokerTest.php" line="344" assertions="1" time="0.001082"/>
        <testcase name="testCompareOnePairPlayerWin" class="App\Cards\FiveCardPokerTest" classname="App.Cards.FiveCardPokerTest" file="/home/miraju/git/dbwebb-kurser/mvc/me/report/tests/Cards/FiveCardPokerTest.php" line="370" assertions="2" time="0.002038"/>
        <testcase name="testCompareOnePairComWin" class="App\Cards\FiveCardPokerTest" classname="App.Cards.FiveCardPokerTest" file="/home/miraju/git/dbwebb-kurser/mvc/me/report/tests/Cards/FiveCardPokerTest.php" line="418" assertions="2" time="0.001790"/>
        <testcase name="testCompareOnePairDraw" class="App\Cards\FiveCardPokerTest" classname="App.Cards.FiveCardPokerTest" file="/home/miraju/git/dbwebb-kurser/mvc/me/report/tests/Cards/FiveCardPokerTest.php" line="466" assertions="1" time="0.001303"/>
        <testcase name="testCompareTwoPairPlayerWin" class="App\Cards\FiveCardPokerTest" classname="App.Cards.FiveCardPokerTest" file="/home/miraju/git/dbwebb-kurser/mvc/me/report/tests/Cards/FiveCardPokerTest.php" line="492" assertions="1" time="0.001216"/>
      </testsuite>
      <testsuite name="App\Cards\TestGame21" file="/home/miraju/git/dbwebb-kurser/mvc/me/report/tests/Cards/Game21Test.php" tests="5" assertions="16" errors="0" warnings="0" failures="0" skipped="0" time="0.004900">
        <testcase name="testPlayerDraw" class="App\Cards\TestGame21" classname="App.Cards.TestGame21" file="/home/miraju/git/dbwebb-kurser/mvc/me/report/tests/Cards/Game21Test.php" line="13" assertions="3" time="0.001169"/>
        <testcase name="testBankDraw" class="App\Cards\TestGame21" classname="App.Cards.TestGame21" file="/home/miraju/git/dbwebb-kurser/mvc/me/report/tests/Cards/Game21Test.php" line="24" assertions="3" time="0.001025"/>
        <testcase name="testSetGameover" class="App\Cards\TestGame21" classname="App.Cards.TestGame21" file="/home/miraju/git/dbwebb-kurser/mvc/me/report/tests/Cards/Game21Test.php" line="35" assertions="2" time="0.000682"/>
        <testcase name="testBankTurn" class="App\Cards\TestGame21" classname="App.Cards.TestGame21" file="/home/miraju/git/dbwebb-kurser/mvc/me/report/tests/Cards/Game21Test.php" line="44" assertions="3" time="0.001263"/>
        <testcase name="testComparePoints" class="App\Cards\TestGame21" classname="App.Cards.TestGame21" file="/home/miraju/git/dbwebb-kurser/mvc/me/report/tests/Cards/Game21Test.php" line="54" assertions="5" time="0.000761"/>
      </testsuite>
      <testsuite name="App\Controller\ApiCardControllerTest" file="/home/miraju/git/dbwebb-kurser/mvc/me/report/tests/Controller/ApiCardControllerTest.php" tests="3" assertions="9" errors="0" warnings="0" failures="0" skipped="0" time="0.148351">
        <testcase name="testJsonDeck" class="App\Controller\ApiCardControllerTest" classname="App.Controller.ApiCardControllerTest" file="/home/miraju/git/dbwebb-kurser/mvc/me/report/tests/Controller/ApiCardControllerTest.php" line="12" assertions="3" time="0.105208"/>
        <testcase name="testJsonShuffle" class="App\Controller\ApiCardControllerTest" classname="App.Controller.ApiCardControllerTest" file="/home/miraju/git/dbwebb-kurser/mvc/me/report/tests/Controller/ApiCardControllerTest.php" line="23" assertions="3" time="0.015737"/>
        <testcase name="testJsonDraw" class="App\Controller\ApiCardControllerTest" classname="App.Controller.ApiCardControllerTest" file="/home/miraju/git/dbwebb-kurser/mvc/me/report/tests/Controller/ApiCardControllerTest.php" line="34" assertions="3" time="0.027406"/>
      </testsuite>
      <testsuite name="App\Controller\CardControllerTest" file="/home/miraju/git/dbwebb-kurser/mvc/me/report/tests/Controller/CardControllerTest.php" tests="4" assertions="8" errors="0" warnings="0" failures="0" skipped="0" time="0.067927">
        <testcase name="testLandingPage" class="App\Controller\CardControllerTest" classname="App.Controller.CardControllerTest" file="/home/miraju/git/dbwebb-kurser/mvc/me/report/tests/Controller/CardControllerTest.php" line="14" assertions="2" time="0.015946"/>
        <testcase name="testDeck" class="App\Controller\CardControllerTest" classname="App.Controller.CardControllerTest" file="/home/miraju/git/dbwebb-kurser/mvc/me/report/tests/Controller/CardControllerTest.php" line="23" assertions="2" time="0.012666"/>
        <testcase name="testShuffle" class="App\Controller\CardControllerTest" classname="App.Controller.CardControllerTest" file="/home/miraju/git/dbwebb-kurser/mvc/me/report/tests/Controller/CardControllerTest.php" line="32" assertions="2" time="0.014223"/>
        <testcase name="testDraw" class="App\Controller\CardControllerTest" classname="App.Controller.CardControllerTest" file="/home/miraju/git/dbwebb-kurser/mvc/me/report/tests/Controller/CardControllerTest.php" line="41" assertions="2" time="0.025092"/>
      </testsuite>
      <testsuite name="App\Controller\GameControllerTest" file="/home/miraju/git/dbwebb-kurser/mvc/me/report/tests/Controller/GameControllerTest.php" tests="3" assertions="14" errors="0" warnings="0" failures="0" skipped="0" time="0.072932">
        <testcase name="testLandingPage" class="App\Controller\GameControllerTest" classname="App.Controller.GameControllerTest" file="/home/miraju/git/dbwebb-kurser/mvc/me/report/tests/Controller/GameControllerTest.php" line="13" assertions="3" time="0.013018"/>
        <testcase name="testGameStartFromLandingPage" class="App\Controller\GameControllerTest" classname="App.Controller.GameControllerTest" file="/home/miraju/git/dbwebb-kurser/mvc/me/report/tests/Controller/GameControllerTest.php" line="23" assertions="5" time="0.025255"/>
        <testcase name="testGameStartDirectly" class="App\Controller\GameControllerTest" classname="App.Controller.GameControllerTest" file="/home/miraju/git/dbwebb-kurser/mvc/me/report/tests/Controller/GameControllerTest.php" line="35" assertions="6" time="0.034660"/>
      </testsuite>
    </testsuite>
  </testsuite>
</testsuites>
