<?xml version="1.0" encoding="UTF-8"?>
<testsuites>
  <testsuite name="" tests="66" assertions="123" errors="0" warnings="0" failures="0" skipped="0" time="2.398177">
    <testsuite name="Report Test Suite" tests="66" assertions="123" errors="0" warnings="0" failures="0" skipped="0" time="2.398177">
      <testsuite name="App\Cards\CardGraphicTest" file="/home/miraju/git/dbwebb-kurser/mvc/me/report/tests/Cards/CardGraphicTest.php" tests="1" assertions="1" errors="0" warnings="0" failures="0" skipped="0" time="0.005129">
        <testcase name="testGetCardRep" class="App\Cards\CardGraphicTest" classname="App.Cards.CardGraphicTest" file="/home/miraju/git/dbwebb-kurser/mvc/me/report/tests/Cards/CardGraphicTest.php" line="22" assertions="1" time="0.005129"/>
      </testsuite>
      <testsuite name="App\Cards\CardHandTest" file="/home/miraju/git/dbwebb-kurser/mvc/me/report/tests/Cards/CardHandTest.php" tests="2" assertions="3" errors="0" warnings="0" failures="0" skipped="0" time="0.002515">
        <testcase name="testAdd" class="App\Cards\CardHandTest" classname="App.Cards.CardHandTest" file="/home/miraju/git/dbwebb-kurser/mvc/me/report/tests/Cards/CardHandTest.php" line="13" assertions="2" time="0.002062"/>
        <testcase name="testGetSum" class="App\Cards\CardHandTest" classname="App.Cards.CardHandTest" file="/home/miraju/git/dbwebb-kurser/mvc/me/report/tests/Cards/CardHandTest.php" line="27" assertions="1" time="0.000453"/>
      </testsuite>
      <testsuite name="App\Cards\CardTest" file="/home/miraju/git/dbwebb-kurser/mvc/me/report/tests/Cards/CardTest.php" tests="3" assertions="3" errors="0" warnings="0" failures="0" skipped="0" time="0.001258">
        <testcase name="testGetSuite" class="App\Cards\CardTest" classname="App.Cards.CardTest" file="/home/miraju/git/dbwebb-kurser/mvc/me/report/tests/Cards/CardTest.php" line="22" assertions="1" time="0.000389"/>
        <testcase name="testGetRank" class="App\Cards\CardTest" classname="App.Cards.CardTest" file="/home/miraju/git/dbwebb-kurser/mvc/me/report/tests/Cards/CardTest.php" line="27" assertions="1" time="0.000395"/>
        <testcase name="testGetPoint" class="App\Cards\CardTest" classname="App.Cards.CardTest" file="/home/miraju/git/dbwebb-kurser/mvc/me/report/tests/Cards/CardTest.php" line="32" assertions="1" time="0.000473"/>
      </testsuite>
      <testsuite name="App\Cards\DeckTest" file="/home/miraju/git/dbwebb-kurser/mvc/me/report/tests/Cards/DeckTest.php" tests="4" assertions="8" errors="0" warnings="0" failures="0" skipped="0" time="0.004616">
        <testcase name="testCreateDeck" class="App\Cards\DeckTest" classname="App.Cards.DeckTest" file="/home/miraju/git/dbwebb-kurser/mvc/me/report/tests/Cards/DeckTest.php" line="13" assertions="2" time="0.001131"/>
        <testcase name="testDraw" class="App\Cards\DeckTest" classname="App.Cards.DeckTest" file="/home/miraju/git/dbwebb-kurser/mvc/me/report/tests/Cards/DeckTest.php" line="22" assertions="3" time="0.000706"/>
        <testcase name="testCardLeft" class="App\Cards\DeckTest" classname="App.Cards.DeckTest" file="/home/miraju/git/dbwebb-kurser/mvc/me/report/tests/Cards/DeckTest.php" line="34" assertions="2" time="0.000798"/>
        <testcase name="testShuffleDeck" class="App\Cards\DeckTest" classname="App.Cards.DeckTest" file="/home/miraju/git/dbwebb-kurser/mvc/me/report/tests/Cards/DeckTest.php" line="44" assertions="1" time="0.001981"/>
      </testsuite>
      <testsuite name="App\Cards\FiveCardPokerTest" file="/home/miraju/git/dbwebb-kurser/mvc/me/report/tests/Cards/FiveCardPokerTest.php" tests="39" assertions="53" errors="0" warnings="0" failures="0" skipped="0" time="0.039345">
        <testcase name="testDealHand" class="App\Cards\FiveCardPokerTest" classname="App.Cards.FiveCardPokerTest" file="/home/miraju/git/dbwebb-kurser/mvc/me/report/tests/Cards/FiveCardPokerTest.php" line="13" assertions="2" time="0.001892"/>
        <testcase name="testGetTurn" class="App\Cards\FiveCardPokerTest" classname="App.Cards.FiveCardPokerTest" file="/home/miraju/git/dbwebb-kurser/mvc/me/report/tests/Cards/FiveCardPokerTest.php" line="22" assertions="2" time="0.001094"/>
        <testcase name="testGetPot" class="App\Cards\FiveCardPokerTest" classname="App.Cards.FiveCardPokerTest" file="/home/miraju/git/dbwebb-kurser/mvc/me/report/tests/Cards/FiveCardPokerTest.php" line="30" assertions="2" time="0.000498"/>
        <testcase name="testIncPot" class="App\Cards\FiveCardPokerTest" classname="App.Cards.FiveCardPokerTest" file="/home/miraju/git/dbwebb-kurser/mvc/me/report/tests/Cards/FiveCardPokerTest.php" line="38" assertions="2" time="0.000467"/>
        <testcase name="testIncTurn" class="App\Cards\FiveCardPokerTest" classname="App.Cards.FiveCardPokerTest" file="/home/miraju/git/dbwebb-kurser/mvc/me/report/tests/Cards/FiveCardPokerTest.php" line="48" assertions="2" time="0.000532"/>
        <testcase name="testSwapCard" class="App\Cards\FiveCardPokerTest" classname="App.Cards.FiveCardPokerTest" file="/home/miraju/git/dbwebb-kurser/mvc/me/report/tests/Cards/FiveCardPokerTest.php" line="57" assertions="2" time="0.001528"/>
        <testcase name="testSwapCardAll" class="App\Cards\FiveCardPokerTest" classname="App.Cards.FiveCardPokerTest" file="/home/miraju/git/dbwebb-kurser/mvc/me/report/tests/Cards/FiveCardPokerTest.php" line="78" assertions="1" time="0.001668"/>
        <testcase name="testHighCard" class="App\Cards\FiveCardPokerTest" classname="App.Cards.FiveCardPokerTest" file="/home/miraju/git/dbwebb-kurser/mvc/me/report/tests/Cards/FiveCardPokerTest.php" line="89" assertions="1" time="0.001141"/>
        <testcase name="testOnePair" class="App\Cards\FiveCardPokerTest" classname="App.Cards.FiveCardPokerTest" file="/home/miraju/git/dbwebb-kurser/mvc/me/report/tests/Cards/FiveCardPokerTest.php" line="106" assertions="1" time="0.000676"/>
        <testcase name="testTwoPair" class="App\Cards\FiveCardPokerTest" classname="App.Cards.FiveCardPokerTest" file="/home/miraju/git/dbwebb-kurser/mvc/me/report/tests/Cards/FiveCardPokerTest.php" line="123" assertions="1" time="0.000588"/>
        <testcase name="testThreeOfAKind" class="App\Cards\FiveCardPokerTest" classname="App.Cards.FiveCardPokerTest" file="/home/miraju/git/dbwebb-kurser/mvc/me/report/tests/Cards/FiveCardPokerTest.php" line="140" assertions="1" time="0.000691"/>
        <testcase name="testFullHouse" class="App\Cards\FiveCardPokerTest" classname="App.Cards.FiveCardPokerTest" file="/home/miraju/git/dbwebb-kurser/mvc/me/report/tests/Cards/FiveCardPokerTest.php" line="157" assertions="1" time="0.000614"/>
        <testcase name="testFourOfAKind" class="App\Cards\FiveCardPokerTest" classname="App.Cards.FiveCardPokerTest" file="/home/miraju/git/dbwebb-kurser/mvc/me/report/tests/Cards/FiveCardPokerTest.php" line="174" assertions="1" time="0.000660"/>
        <testcase name="testIsStraight" class="App\Cards\FiveCardPokerTest" classname="App.Cards.FiveCardPokerTest" file="/home/miraju/git/dbwebb-kurser/mvc/me/report/tests/Cards/FiveCardPokerTest.php" line="191" assertions="1" time="0.000624"/>
        <testcase name="testIsFlush" class="App\Cards\FiveCardPokerTest" classname="App.Cards.FiveCardPokerTest" file="/home/miraju/git/dbwebb-kurser/mvc/me/report/tests/Cards/FiveCardPokerTest.php" line="208" assertions="1" time="0.000658"/>
        <testcase name="testIsStraightFlush" class="App\Cards\FiveCardPokerTest" classname="App.Cards.FiveCardPokerTest" file="/home/miraju/git/dbwebb-kurser/mvc/me/report/tests/Cards/FiveCardPokerTest.php" line="225" assertions="1" time="0.000590"/>
        <testcase name="testIsRoyalFlush" class="App\Cards\FiveCardPokerTest" classname="App.Cards.FiveCardPokerTest" file="/home/miraju/git/dbwebb-kurser/mvc/me/report/tests/Cards/FiveCardPokerTest.php" line="242" assertions="1" time="0.000544"/>
        <testcase name="testCompareHighCardPlayerWin" class="App\Cards\FiveCardPokerTest" classname="App.Cards.FiveCardPokerTest" file="/home/miraju/git/dbwebb-kurser/mvc/me/report/tests/Cards/FiveCardPokerTest.php" line="259" assertions="2" time="0.001257"/>
        <testcase name="testCompareHighCardComWin" class="App\Cards\FiveCardPokerTest" classname="App.Cards.FiveCardPokerTest" file="/home/miraju/git/dbwebb-kurser/mvc/me/report/tests/Cards/FiveCardPokerTest.php" line="307" assertions="2" time="0.001286"/>
        <testcase name="testCompareHighCardDraw" class="App\Cards\FiveCardPokerTest" classname="App.Cards.FiveCardPokerTest" file="/home/miraju/git/dbwebb-kurser/mvc/me/report/tests/Cards/FiveCardPokerTest.php" line="355" assertions="1" time="0.001182"/>
        <testcase name="testCompareOnePairPlayerWin" class="App\Cards\FiveCardPokerTest" classname="App.Cards.FiveCardPokerTest" file="/home/miraju/git/dbwebb-kurser/mvc/me/report/tests/Cards/FiveCardPokerTest.php" line="381" assertions="2" time="0.001382"/>
        <testcase name="testCompareOnePairComWin" class="App\Cards\FiveCardPokerTest" classname="App.Cards.FiveCardPokerTest" file="/home/miraju/git/dbwebb-kurser/mvc/me/report/tests/Cards/FiveCardPokerTest.php" line="429" assertions="2" time="0.001314"/>
        <testcase name="testCompareOnePairDraw" class="App\Cards\FiveCardPokerTest" classname="App.Cards.FiveCardPokerTest" file="/home/miraju/git/dbwebb-kurser/mvc/me/report/tests/Cards/FiveCardPokerTest.php" line="477" assertions="1" time="0.000946"/>
        <testcase name="testCompareTwoPairPlayerWin" class="App\Cards\FiveCardPokerTest" classname="App.Cards.FiveCardPokerTest" file="/home/miraju/git/dbwebb-kurser/mvc/me/report/tests/Cards/FiveCardPokerTest.php" line="503" assertions="3" time="0.001719"/>
        <testcase name="testCompareTwoPairComWin" class="App\Cards\FiveCardPokerTest" classname="App.Cards.FiveCardPokerTest" file="/home/miraju/git/dbwebb-kurser/mvc/me/report/tests/Cards/FiveCardPokerTest.php" line="573" assertions="3" time="0.001798"/>
        <testcase name="testCompareTwoPairDraw" class="App\Cards\FiveCardPokerTest" classname="App.Cards.FiveCardPokerTest" file="/home/miraju/git/dbwebb-kurser/mvc/me/report/tests/Cards/FiveCardPokerTest.php" line="643" assertions="1" time="0.001062"/>
        <testcase name="testCompareThreeOfAKindPlayerWin" class="App\Cards\FiveCardPokerTest" classname="App.Cards.FiveCardPokerTest" file="/home/miraju/git/dbwebb-kurser/mvc/me/report/tests/Cards/FiveCardPokerTest.php" line="669" assertions="1" time="0.000959"/>
        <testcase name="testCompareThreeOfAKindComWin" class="App\Cards\FiveCardPokerTest" classname="App.Cards.FiveCardPokerTest" file="/home/miraju/git/dbwebb-kurser/mvc/me/report/tests/Cards/FiveCardPokerTest.php" line="695" assertions="1" time="0.000919"/>
        <testcase name="testCompareFourOfAKindPlayerWin" class="App\Cards\FiveCardPokerTest" classname="App.Cards.FiveCardPokerTest" file="/home/miraju/git/dbwebb-kurser/mvc/me/report/tests/Cards/FiveCardPokerTest.php" line="721" assertions="1" time="0.000804"/>
        <testcase name="testCompareFourOfAKindComWin" class="App\Cards\FiveCardPokerTest" classname="App.Cards.FiveCardPokerTest" file="/home/miraju/git/dbwebb-kurser/mvc/me/report/tests/Cards/FiveCardPokerTest.php" line="747" assertions="1" time="0.000828"/>
        <testcase name="testCompareHandPlayerWin" class="App\Cards\FiveCardPokerTest" classname="App.Cards.FiveCardPokerTest" file="/home/miraju/git/dbwebb-kurser/mvc/me/report/tests/Cards/FiveCardPokerTest.php" line="773" assertions="1" time="0.000989"/>
        <testcase name="testCompareHandComWin" class="App\Cards\FiveCardPokerTest" classname="App.Cards.FiveCardPokerTest" file="/home/miraju/git/dbwebb-kurser/mvc/me/report/tests/Cards/FiveCardPokerTest.php" line="799" assertions="1" time="0.000888"/>
        <testcase name="testComLogicThreeOfAKind" class="App\Cards\FiveCardPokerTest" classname="App.Cards.FiveCardPokerTest" file="/home/miraju/git/dbwebb-kurser/mvc/me/report/tests/Cards/FiveCardPokerTest.php" line="825" assertions="1" time="0.000921"/>
        <testcase name="testComLogicOnePair" class="App\Cards\FiveCardPokerTest" classname="App.Cards.FiveCardPokerTest" file="/home/miraju/git/dbwebb-kurser/mvc/me/report/tests/Cards/FiveCardPokerTest.php" line="843" assertions="1" time="0.000967"/>
        <testcase name="testComLogicTwoPair" class="App\Cards\FiveCardPokerTest" classname="App.Cards.FiveCardPokerTest" file="/home/miraju/git/dbwebb-kurser/mvc/me/report/tests/Cards/FiveCardPokerTest.php" line="861" assertions="1" time="0.001129"/>
        <testcase name="testComLogicHighCard" class="App\Cards\FiveCardPokerTest" classname="App.Cards.FiveCardPokerTest" file="/home/miraju/git/dbwebb-kurser/mvc/me/report/tests/Cards/FiveCardPokerTest.php" line="879" assertions="1" time="0.001109"/>
        <testcase name="testComLogicHigherRank" class="App\Cards\FiveCardPokerTest" classname="App.Cards.FiveCardPokerTest" file="/home/miraju/git/dbwebb-kurser/mvc/me/report/tests/Cards/FiveCardPokerTest.php" line="897" assertions="1" time="0.001135"/>
        <testcase name="testComLogicRaise" class="App\Cards\FiveCardPokerTest" classname="App.Cards.FiveCardPokerTest" file="/home/miraju/git/dbwebb-kurser/mvc/me/report/tests/Cards/FiveCardPokerTest.php" line="915" assertions="1" time="0.001191"/>
        <testcase name="testComLogicCall" class="App\Cards\FiveCardPokerTest" classname="App.Cards.FiveCardPokerTest" file="/home/miraju/git/dbwebb-kurser/mvc/me/report/tests/Cards/FiveCardPokerTest.php" line="925" assertions="1" time="0.001092"/>
      </testsuite>
      <testsuite name="App\Cards\TestGame21" file="/home/miraju/git/dbwebb-kurser/mvc/me/report/tests/Cards/Game21Test.php" tests="5" assertions="16" errors="0" warnings="0" failures="0" skipped="0" time="0.005302">
        <testcase name="testPlayerDraw" class="App\Cards\TestGame21" classname="App.Cards.TestGame21" file="/home/miraju/git/dbwebb-kurser/mvc/me/report/tests/Cards/Game21Test.php" line="13" assertions="3" time="0.001342"/>
        <testcase name="testBankDraw" class="App\Cards\TestGame21" classname="App.Cards.TestGame21" file="/home/miraju/git/dbwebb-kurser/mvc/me/report/tests/Cards/Game21Test.php" line="24" assertions="3" time="0.000715"/>
        <testcase name="testSetGameover" class="App\Cards\TestGame21" classname="App.Cards.TestGame21" file="/home/miraju/git/dbwebb-kurser/mvc/me/report/tests/Cards/Game21Test.php" line="35" assertions="2" time="0.000719"/>
        <testcase name="testBankTurn" class="App\Cards\TestGame21" classname="App.Cards.TestGame21" file="/home/miraju/git/dbwebb-kurser/mvc/me/report/tests/Cards/Game21Test.php" line="44" assertions="3" time="0.001896"/>
        <testcase name="testComparePoints" class="App\Cards\TestGame21" classname="App.Cards.TestGame21" file="/home/miraju/git/dbwebb-kurser/mvc/me/report/tests/Cards/Game21Test.php" line="54" assertions="5" time="0.000630"/>
      </testsuite>
      <testsuite name="App\Controller\ApiCardControllerTest" file="/home/miraju/git/dbwebb-kurser/mvc/me/report/tests/Controller/ApiCardControllerTest.php" tests="3" assertions="9" errors="0" warnings="0" failures="0" skipped="0" time="2.176421">
        <testcase name="testJsonDeck" class="App\Controller\ApiCardControllerTest" classname="App.Controller.ApiCardControllerTest" file="/home/miraju/git/dbwebb-kurser/mvc/me/report/tests/Controller/ApiCardControllerTest.php" line="12" assertions="3" time="2.118993"/>
        <testcase name="testJsonShuffle" class="App\Controller\ApiCardControllerTest" classname="App.Controller.ApiCardControllerTest" file="/home/miraju/git/dbwebb-kurser/mvc/me/report/tests/Controller/ApiCardControllerTest.php" line="23" assertions="3" time="0.011845"/>
        <testcase name="testJsonDraw" class="App\Controller\ApiCardControllerTest" classname="App.Controller.ApiCardControllerTest" file="/home/miraju/git/dbwebb-kurser/mvc/me/report/tests/Controller/ApiCardControllerTest.php" line="34" assertions="3" time="0.045583"/>
      </testsuite>
      <testsuite name="App\Controller\CardControllerTest" file="/home/miraju/git/dbwebb-kurser/mvc/me/report/tests/Controller/CardControllerTest.php" tests="4" assertions="8" errors="0" warnings="0" failures="0" skipped="0" time="0.069523">
        <testcase name="testLandingPage" class="App\Controller\CardControllerTest" classname="App.Controller.CardControllerTest" file="/home/miraju/git/dbwebb-kurser/mvc/me/report/tests/Controller/CardControllerTest.php" line="14" assertions="2" time="0.019553"/>
        <testcase name="testDeck" class="App\Controller\CardControllerTest" classname="App.Controller.CardControllerTest" file="/home/miraju/git/dbwebb-kurser/mvc/me/report/tests/Controller/CardControllerTest.php" line="23" assertions="2" time="0.013241"/>
        <testcase name="testShuffle" class="App\Controller\CardControllerTest" classname="App.Controller.CardControllerTest" file="/home/miraju/git/dbwebb-kurser/mvc/me/report/tests/Controller/CardControllerTest.php" line="32" assertions="2" time="0.012519"/>
        <testcase name="testDraw" class="App\Controller\CardControllerTest" classname="App.Controller.CardControllerTest" file="/home/miraju/git/dbwebb-kurser/mvc/me/report/tests/Controller/CardControllerTest.php" line="41" assertions="2" time="0.024211"/>
      </testsuite>
      <testsuite name="App\Controller\GameControllerTest" file="/home/miraju/git/dbwebb-kurser/mvc/me/report/tests/Controller/GameControllerTest.php" tests="3" assertions="14" errors="0" warnings="0" failures="0" skipped="0" time="0.068517">
        <testcase name="testLandingPage" class="App\Controller\GameControllerTest" classname="App.Controller.GameControllerTest" file="/home/miraju/git/dbwebb-kurser/mvc/me/report/tests/Controller/GameControllerTest.php" line="13" assertions="3" time="0.011455"/>
        <testcase name="testGameStartFromLandingPage" class="App\Controller\GameControllerTest" classname="App.Controller.GameControllerTest" file="/home/miraju/git/dbwebb-kurser/mvc/me/report/tests/Controller/GameControllerTest.php" line="23" assertions="5" time="0.024564"/>
        <testcase name="testGameStartDirectly" class="App\Controller\GameControllerTest" classname="App.Controller.GameControllerTest" file="/home/miraju/git/dbwebb-kurser/mvc/me/report/tests/Controller/GameControllerTest.php" line="35" assertions="6" time="0.032498"/>
      </testsuite>
      <testsuite name="App\Controller\ProjectControllerTest" file="/home/miraju/git/dbwebb-kurser/mvc/me/report/tests/Controller/ProjectControllerTest.php" tests="2" assertions="8" errors="0" warnings="0" failures="0" skipped="0" time="0.025550">
        <testcase name="testLandingPage" class="App\Controller\ProjectControllerTest" classname="App.Controller.ProjectControllerTest" file="/home/miraju/git/dbwebb-kurser/mvc/me/report/tests/Controller/ProjectControllerTest.php" line="9" assertions="4" time="0.011297"/>
        <testcase name="testGamePage" class="App\Controller\ProjectControllerTest" classname="App.Controller.ProjectControllerTest" file="/home/miraju/git/dbwebb-kurser/mvc/me/report/tests/Controller/ProjectControllerTest.php" line="20" assertions="4" time="0.014253"/>
      </testsuite>
    </testsuite>
  </testsuite>
</testsuites>
