<?xml version="1.0" encoding="UTF-8"?>
<testsuites>
  <testsuite name="" tests="41" assertions="84" errors="0" warnings="0" failures="0" skipped="0" time="0.305728">
    <testsuite name="Report Test Suite" tests="41" assertions="84" errors="0" warnings="0" failures="0" skipped="0" time="0.305728">
      <testsuite name="App\Cards\CardGraphicTest" file="/home/miraju/git/dbwebb-kurser/mvc/me/report/tests/Cards/CardGraphicTest.php" tests="1" assertions="1" errors="0" warnings="0" failures="0" skipped="0" time="0.002158">
        <testcase name="testGetCardRep" class="App\Cards\CardGraphicTest" classname="App.Cards.CardGraphicTest" file="/home/miraju/git/dbwebb-kurser/mvc/me/report/tests/Cards/CardGraphicTest.php" line="22" assertions="1" time="0.002158"/>
      </testsuite>
      <testsuite name="App\Cards\CardHandTest" file="/home/miraju/git/dbwebb-kurser/mvc/me/report/tests/Cards/CardHandTest.php" tests="2" assertions="3" errors="0" warnings="0" failures="0" skipped="0" time="0.001153">
        <testcase name="testAdd" class="App\Cards\CardHandTest" classname="App.Cards.CardHandTest" file="/home/miraju/git/dbwebb-kurser/mvc/me/report/tests/Cards/CardHandTest.php" line="13" assertions="2" time="0.000644"/>
        <testcase name="testGetSum" class="App\Cards\CardHandTest" classname="App.Cards.CardHandTest" file="/home/miraju/git/dbwebb-kurser/mvc/me/report/tests/Cards/CardHandTest.php" line="27" assertions="1" time="0.000510"/>
      </testsuite>
      <testsuite name="App\Cards\CardTest" file="/home/miraju/git/dbwebb-kurser/mvc/me/report/tests/Cards/CardTest.php" tests="3" assertions="3" errors="0" warnings="0" failures="0" skipped="0" time="0.001388">
        <testcase name="testGetSuite" class="App\Cards\CardTest" classname="App.Cards.CardTest" file="/home/miraju/git/dbwebb-kurser/mvc/me/report/tests/Cards/CardTest.php" line="22" assertions="1" time="0.000492"/>
        <testcase name="testGetRank" class="App\Cards\CardTest" classname="App.Cards.CardTest" file="/home/miraju/git/dbwebb-kurser/mvc/me/report/tests/Cards/CardTest.php" line="27" assertions="1" time="0.000472"/>
        <testcase name="testGetPoint" class="App\Cards\CardTest" classname="App.Cards.CardTest" file="/home/miraju/git/dbwebb-kurser/mvc/me/report/tests/Cards/CardTest.php" line="32" assertions="1" time="0.000424"/>
      </testsuite>
      <testsuite name="App\Cards\DeckTest" file="/home/miraju/git/dbwebb-kurser/mvc/me/report/tests/Cards/DeckTest.php" tests="4" assertions="8" errors="0" warnings="0" failures="0" skipped="0" time="0.003814">
        <testcase name="testCreateDeck" class="App\Cards\DeckTest" classname="App.Cards.DeckTest" file="/home/miraju/git/dbwebb-kurser/mvc/me/report/tests/Cards/DeckTest.php" line="13" assertions="2" time="0.000953"/>
        <testcase name="testDraw" class="App\Cards\DeckTest" classname="App.Cards.DeckTest" file="/home/miraju/git/dbwebb-kurser/mvc/me/report/tests/Cards/DeckTest.php" line="22" assertions="3" time="0.000679"/>
        <testcase name="testCardLeft" class="App\Cards\DeckTest" classname="App.Cards.DeckTest" file="/home/miraju/git/dbwebb-kurser/mvc/me/report/tests/Cards/DeckTest.php" line="34" assertions="2" time="0.000810"/>
        <testcase name="testShuffleDeck" class="App\Cards\DeckTest" classname="App.Cards.DeckTest" file="/home/miraju/git/dbwebb-kurser/mvc/me/report/tests/Cards/DeckTest.php" line="44" assertions="1" time="0.001372"/>
      </testsuite>
      <testsuite name="App\Cards\FiveCardPokerTest" file="/home/miraju/git/dbwebb-kurser/mvc/me/report/tests/Cards/FiveCardPokerTest.php" tests="16" assertions="22" errors="0" warnings="0" failures="0" skipped="0" time="0.011908">
        <testcase name="testDealHand" class="App\Cards\FiveCardPokerTest" classname="App.Cards.FiveCardPokerTest" file="/home/miraju/git/dbwebb-kurser/mvc/me/report/tests/Cards/FiveCardPokerTest.php" line="13" assertions="2" time="0.001104"/>
        <testcase name="testGetTurn" class="App\Cards\FiveCardPokerTest" classname="App.Cards.FiveCardPokerTest" file="/home/miraju/git/dbwebb-kurser/mvc/me/report/tests/Cards/FiveCardPokerTest.php" line="22" assertions="2" time="0.000750"/>
        <testcase name="testGetPot" class="App\Cards\FiveCardPokerTest" classname="App.Cards.FiveCardPokerTest" file="/home/miraju/git/dbwebb-kurser/mvc/me/report/tests/Cards/FiveCardPokerTest.php" line="30" assertions="2" time="0.000506"/>
        <testcase name="testIncPot" class="App\Cards\FiveCardPokerTest" classname="App.Cards.FiveCardPokerTest" file="/home/miraju/git/dbwebb-kurser/mvc/me/report/tests/Cards/FiveCardPokerTest.php" line="38" assertions="2" time="0.000555"/>
        <testcase name="testIncTurn" class="App\Cards\FiveCardPokerTest" classname="App.Cards.FiveCardPokerTest" file="/home/miraju/git/dbwebb-kurser/mvc/me/report/tests/Cards/FiveCardPokerTest.php" line="48" assertions="2" time="0.000692"/>
        <testcase name="testSwapCard" class="App\Cards\FiveCardPokerTest" classname="App.Cards.FiveCardPokerTest" file="/home/miraju/git/dbwebb-kurser/mvc/me/report/tests/Cards/FiveCardPokerTest.php" line="57" assertions="2" time="0.001273"/>
        <testcase name="testHighCard" class="App\Cards\FiveCardPokerTest" classname="App.Cards.FiveCardPokerTest" file="/home/miraju/git/dbwebb-kurser/mvc/me/report/tests/Cards/FiveCardPokerTest.php" line="78" assertions="1" time="0.000898"/>
        <testcase name="testOnePair" class="App\Cards\FiveCardPokerTest" classname="App.Cards.FiveCardPokerTest" file="/home/miraju/git/dbwebb-kurser/mvc/me/report/tests/Cards/FiveCardPokerTest.php" line="95" assertions="1" time="0.000616"/>
        <testcase name="testTwoPair" class="App\Cards\FiveCardPokerTest" classname="App.Cards.FiveCardPokerTest" file="/home/miraju/git/dbwebb-kurser/mvc/me/report/tests/Cards/FiveCardPokerTest.php" line="112" assertions="1" time="0.000947"/>
        <testcase name="testThreeOfAKind" class="App\Cards\FiveCardPokerTest" classname="App.Cards.FiveCardPokerTest" file="/home/miraju/git/dbwebb-kurser/mvc/me/report/tests/Cards/FiveCardPokerTest.php" line="129" assertions="1" time="0.000783"/>
        <testcase name="testFullHouse" class="App\Cards\FiveCardPokerTest" classname="App.Cards.FiveCardPokerTest" file="/home/miraju/git/dbwebb-kurser/mvc/me/report/tests/Cards/FiveCardPokerTest.php" line="146" assertions="1" time="0.000639"/>
        <testcase name="testFourOfAKind" class="App\Cards\FiveCardPokerTest" classname="App.Cards.FiveCardPokerTest" file="/home/miraju/git/dbwebb-kurser/mvc/me/report/tests/Cards/FiveCardPokerTest.php" line="163" assertions="1" time="0.000581"/>
        <testcase name="testIsStraight" class="App\Cards\FiveCardPokerTest" classname="App.Cards.FiveCardPokerTest" file="/home/miraju/git/dbwebb-kurser/mvc/me/report/tests/Cards/FiveCardPokerTest.php" line="180" assertions="1" time="0.000642"/>
        <testcase name="testIsFlush" class="App\Cards\FiveCardPokerTest" classname="App.Cards.FiveCardPokerTest" file="/home/miraju/git/dbwebb-kurser/mvc/me/report/tests/Cards/FiveCardPokerTest.php" line="197" assertions="1" time="0.000657"/>
        <testcase name="testIsStraightFlush" class="App\Cards\FiveCardPokerTest" classname="App.Cards.FiveCardPokerTest" file="/home/miraju/git/dbwebb-kurser/mvc/me/report/tests/Cards/FiveCardPokerTest.php" line="214" assertions="1" time="0.000712"/>
        <testcase name="testIsRoyalFlush" class="App\Cards\FiveCardPokerTest" classname="App.Cards.FiveCardPokerTest" file="/home/miraju/git/dbwebb-kurser/mvc/me/report/tests/Cards/FiveCardPokerTest.php" line="231" assertions="1" time="0.000551"/>
      </testsuite>
      <testsuite name="App\Cards\TestGame21" file="/home/miraju/git/dbwebb-kurser/mvc/me/report/tests/Cards/Game21Test.php" tests="5" assertions="16" errors="0" warnings="0" failures="0" skipped="0" time="0.004747">
        <testcase name="testPlayerDraw" class="App\Cards\TestGame21" classname="App.Cards.TestGame21" file="/home/miraju/git/dbwebb-kurser/mvc/me/report/tests/Cards/Game21Test.php" line="13" assertions="3" time="0.000982"/>
        <testcase name="testBankDraw" class="App\Cards\TestGame21" classname="App.Cards.TestGame21" file="/home/miraju/git/dbwebb-kurser/mvc/me/report/tests/Cards/Game21Test.php" line="24" assertions="3" time="0.000884"/>
        <testcase name="testSetGameover" class="App\Cards\TestGame21" classname="App.Cards.TestGame21" file="/home/miraju/git/dbwebb-kurser/mvc/me/report/tests/Cards/Game21Test.php" line="35" assertions="2" time="0.000949"/>
        <testcase name="testBankTurn" class="App\Cards\TestGame21" classname="App.Cards.TestGame21" file="/home/miraju/git/dbwebb-kurser/mvc/me/report/tests/Cards/Game21Test.php" line="44" assertions="3" time="0.001220"/>
        <testcase name="testComparePoints" class="App\Cards\TestGame21" classname="App.Cards.TestGame21" file="/home/miraju/git/dbwebb-kurser/mvc/me/report/tests/Cards/Game21Test.php" line="54" assertions="5" time="0.000712"/>
      </testsuite>
      <testsuite name="App\Controller\ApiCardControllerTest" file="/home/miraju/git/dbwebb-kurser/mvc/me/report/tests/Controller/ApiCardControllerTest.php" tests="3" assertions="9" errors="0" warnings="0" failures="0" skipped="0" time="0.141211">
        <testcase name="testJsonDeck" class="App\Controller\ApiCardControllerTest" classname="App.Controller.ApiCardControllerTest" file="/home/miraju/git/dbwebb-kurser/mvc/me/report/tests/Controller/ApiCardControllerTest.php" line="12" assertions="3" time="0.100367"/>
        <testcase name="testJsonShuffle" class="App\Controller\ApiCardControllerTest" classname="App.Controller.ApiCardControllerTest" file="/home/miraju/git/dbwebb-kurser/mvc/me/report/tests/Controller/ApiCardControllerTest.php" line="23" assertions="3" time="0.011594"/>
        <testcase name="testJsonDraw" class="App\Controller\ApiCardControllerTest" classname="App.Controller.ApiCardControllerTest" file="/home/miraju/git/dbwebb-kurser/mvc/me/report/tests/Controller/ApiCardControllerTest.php" line="34" assertions="3" time="0.029250"/>
      </testsuite>
      <testsuite name="App\Controller\CardControllerTest" file="/home/miraju/git/dbwebb-kurser/mvc/me/report/tests/Controller/CardControllerTest.php" tests="4" assertions="8" errors="0" warnings="0" failures="0" skipped="0" time="0.068660">
        <testcase name="testLandingPage" class="App\Controller\CardControllerTest" classname="App.Controller.CardControllerTest" file="/home/miraju/git/dbwebb-kurser/mvc/me/report/tests/Controller/CardControllerTest.php" line="14" assertions="2" time="0.016519"/>
        <testcase name="testDeck" class="App\Controller\CardControllerTest" classname="App.Controller.CardControllerTest" file="/home/miraju/git/dbwebb-kurser/mvc/me/report/tests/Controller/CardControllerTest.php" line="23" assertions="2" time="0.011816"/>
        <testcase name="testShuffle" class="App\Controller\CardControllerTest" classname="App.Controller.CardControllerTest" file="/home/miraju/git/dbwebb-kurser/mvc/me/report/tests/Controller/CardControllerTest.php" line="32" assertions="2" time="0.014262"/>
        <testcase name="testDraw" class="App\Controller\CardControllerTest" classname="App.Controller.CardControllerTest" file="/home/miraju/git/dbwebb-kurser/mvc/me/report/tests/Controller/CardControllerTest.php" line="41" assertions="2" time="0.026063"/>
      </testsuite>
      <testsuite name="App\Controller\GameControllerTest" file="/home/miraju/git/dbwebb-kurser/mvc/me/report/tests/Controller/GameControllerTest.php" tests="3" assertions="14" errors="0" warnings="0" failures="0" skipped="0" time="0.070688">
        <testcase name="testLandingPage" class="App\Controller\GameControllerTest" classname="App.Controller.GameControllerTest" file="/home/miraju/git/dbwebb-kurser/mvc/me/report/tests/Controller/GameControllerTest.php" line="13" assertions="3" time="0.013064"/>
        <testcase name="testGameStartFromLandingPage" class="App\Controller\GameControllerTest" classname="App.Controller.GameControllerTest" file="/home/miraju/git/dbwebb-kurser/mvc/me/report/tests/Controller/GameControllerTest.php" line="23" assertions="5" time="0.023663"/>
        <testcase name="testGameStartDirectly" class="App\Controller\GameControllerTest" classname="App.Controller.GameControllerTest" file="/home/miraju/git/dbwebb-kurser/mvc/me/report/tests/Controller/GameControllerTest.php" line="35" assertions="6" time="0.033961"/>
      </testsuite>
    </testsuite>
  </testsuite>
</testsuites>
