<?xml version="1.0" encoding="UTF-8"?>
<testsuites>
  <testsuite name="" tests="22" assertions="48" errors="0" warnings="0" failures="0" skipped="0" time="0.232365">
    <testsuite name="Report Test Suite" tests="22" assertions="48" errors="0" warnings="0" failures="0" skipped="0" time="0.232365">
      <testsuite name="App\Cards\CardGraphicTest" file="/home/miraju/git/dbwebb-kurser/mvc/me/report/tests/Cards/CardGraphicTest.php" tests="1" assertions="1" errors="0" warnings="0" failures="0" skipped="0" time="0.002144">
        <testcase name="testGetCardRep" class="App\Cards\CardGraphicTest" classname="App.Cards.CardGraphicTest" file="/home/miraju/git/dbwebb-kurser/mvc/me/report/tests/Cards/CardGraphicTest.php" line="22" assertions="1" time="0.002144"/>
      </testsuite>
      <testsuite name="App\Cards\CardHandTest" file="/home/miraju/git/dbwebb-kurser/mvc/me/report/tests/Cards/CardHandTest.php" tests="2" assertions="3" errors="0" warnings="0" failures="0" skipped="0" time="0.001155">
        <testcase name="testAdd" class="App\Cards\CardHandTest" classname="App.Cards.CardHandTest" file="/home/miraju/git/dbwebb-kurser/mvc/me/report/tests/Cards/CardHandTest.php" line="13" assertions="2" time="0.000748"/>
        <testcase name="testGetSum" class="App\Cards\CardHandTest" classname="App.Cards.CardHandTest" file="/home/miraju/git/dbwebb-kurser/mvc/me/report/tests/Cards/CardHandTest.php" line="27" assertions="1" time="0.000408"/>
      </testsuite>
      <testsuite name="App\Cards\CardTest" file="/home/miraju/git/dbwebb-kurser/mvc/me/report/tests/Cards/CardTest.php" tests="3" assertions="3" errors="0" warnings="0" failures="0" skipped="0" time="0.001295">
        <testcase name="testGetSuite" class="App\Cards\CardTest" classname="App.Cards.CardTest" file="/home/miraju/git/dbwebb-kurser/mvc/me/report/tests/Cards/CardTest.php" line="22" assertions="1" time="0.000444"/>
        <testcase name="testGetRank" class="App\Cards\CardTest" classname="App.Cards.CardTest" file="/home/miraju/git/dbwebb-kurser/mvc/me/report/tests/Cards/CardTest.php" line="27" assertions="1" time="0.000426"/>
        <testcase name="testGetPoint" class="App\Cards\CardTest" classname="App.Cards.CardTest" file="/home/miraju/git/dbwebb-kurser/mvc/me/report/tests/Cards/CardTest.php" line="32" assertions="1" time="0.000425"/>
      </testsuite>
      <testsuite name="App\Cards\DeckTest" file="/home/miraju/git/dbwebb-kurser/mvc/me/report/tests/Cards/DeckTest.php" tests="4" assertions="8" errors="0" warnings="0" failures="0" skipped="0" time="0.005254">
        <testcase name="testCreateDeck" class="App\Cards\DeckTest" classname="App.Cards.DeckTest" file="/home/miraju/git/dbwebb-kurser/mvc/me/report/tests/Cards/DeckTest.php" line="13" assertions="2" time="0.000960"/>
        <testcase name="testDraw" class="App\Cards\DeckTest" classname="App.Cards.DeckTest" file="/home/miraju/git/dbwebb-kurser/mvc/me/report/tests/Cards/DeckTest.php" line="22" assertions="3" time="0.000825"/>
        <testcase name="testCardLeft" class="App\Cards\DeckTest" classname="App.Cards.DeckTest" file="/home/miraju/git/dbwebb-kurser/mvc/me/report/tests/Cards/DeckTest.php" line="34" assertions="2" time="0.000942"/>
        <testcase name="testShuffleDeck" class="App\Cards\DeckTest" classname="App.Cards.DeckTest" file="/home/miraju/git/dbwebb-kurser/mvc/me/report/tests/Cards/DeckTest.php" line="44" assertions="1" time="0.002528"/>
      </testsuite>
      <testsuite name="App\Cards\TestGame21" file="/home/miraju/git/dbwebb-kurser/mvc/me/report/tests/Cards/Game21Test.php" tests="5" assertions="16" errors="0" warnings="0" failures="0" skipped="0" time="0.005562">
        <testcase name="testPlayerDraw" class="App\Cards\TestGame21" classname="App.Cards.TestGame21" file="/home/miraju/git/dbwebb-kurser/mvc/me/report/tests/Cards/Game21Test.php" line="13" assertions="3" time="0.001299"/>
        <testcase name="testBankDraw" class="App\Cards\TestGame21" classname="App.Cards.TestGame21" file="/home/miraju/git/dbwebb-kurser/mvc/me/report/tests/Cards/Game21Test.php" line="24" assertions="3" time="0.000843"/>
        <testcase name="testSetGameover" class="App\Cards\TestGame21" classname="App.Cards.TestGame21" file="/home/miraju/git/dbwebb-kurser/mvc/me/report/tests/Cards/Game21Test.php" line="35" assertions="2" time="0.000643"/>
        <testcase name="testBankTurn" class="App\Cards\TestGame21" classname="App.Cards.TestGame21" file="/home/miraju/git/dbwebb-kurser/mvc/me/report/tests/Cards/Game21Test.php" line="44" assertions="3" time="0.001986"/>
        <testcase name="testComparePoints" class="App\Cards\TestGame21" classname="App.Cards.TestGame21" file="/home/miraju/git/dbwebb-kurser/mvc/me/report/tests/Cards/Game21Test.php" line="54" assertions="5" time="0.000791"/>
      </testsuite>
      <testsuite name="App\Controller\ApiCardControllerTest" file="/home/miraju/git/dbwebb-kurser/mvc/me/report/tests/Controller/ApiCardControllerTest.php" tests="3" assertions="9" errors="0" warnings="0" failures="0" skipped="0" time="0.142557">
        <testcase name="testJsonDeck" class="App\Controller\ApiCardControllerTest" classname="App.Controller.ApiCardControllerTest" file="/home/miraju/git/dbwebb-kurser/mvc/me/report/tests/Controller/ApiCardControllerTest.php" line="12" assertions="3" time="0.105425"/>
        <testcase name="testJsonShuffle" class="App\Controller\ApiCardControllerTest" classname="App.Controller.ApiCardControllerTest" file="/home/miraju/git/dbwebb-kurser/mvc/me/report/tests/Controller/ApiCardControllerTest.php" line="23" assertions="3" time="0.011572"/>
        <testcase name="testJsonDraw" class="App\Controller\ApiCardControllerTest" classname="App.Controller.ApiCardControllerTest" file="/home/miraju/git/dbwebb-kurser/mvc/me/report/tests/Controller/ApiCardControllerTest.php" line="34" assertions="3" time="0.025559"/>
      </testsuite>
      <testsuite name="App\Controller\CardControllerTest" file="/home/miraju/git/dbwebb-kurser/mvc/me/report/tests/Controller/CardControllerTest.php" tests="4" assertions="8" errors="0" warnings="0" failures="0" skipped="0" time="0.074397">
        <testcase name="testLandingPage" class="App\Controller\CardControllerTest" classname="App.Controller.CardControllerTest" file="/home/miraju/git/dbwebb-kurser/mvc/me/report/tests/Controller/CardControllerTest.php" line="13" assertions="3" time="0.015265"/>
        <testcase name="testDeck" class="App\Controller\CardControllerTest" classname="App.Controller.CardControllerTest" file="/home/miraju/git/dbwebb-kurser/mvc/me/report/tests/Controller/CardControllerTest.php" line="23" assertions="2" time="0.018281"/>
        <testcase name="testShuffle" class="App\Controller\CardControllerTest" classname="App.Controller.CardControllerTest" file="/home/miraju/git/dbwebb-kurser/mvc/me/report/tests/Controller/CardControllerTest.php" line="31" assertions="2" time="0.014292"/>
        <testcase name="testDraw" class="App\Controller\CardControllerTest" classname="App.Controller.CardControllerTest" file="/home/miraju/git/dbwebb-kurser/mvc/me/report/tests/Controller/CardControllerTest.php" line="39" assertions="1" time="0.026560"/>
      </testsuite>
    </testsuite>
  </testsuite>
</testsuites>
