<?xml version="1.0" encoding="UTF-8"?>
<testsuites>
  <testsuite name="" tests="60" assertions="111" errors="0" warnings="0" failures="0" skipped="0" time="0.335960">
    <testsuite name="Report Test Suite" tests="60" assertions="111" errors="0" warnings="0" failures="0" skipped="0" time="0.335960">
      <testsuite name="App\Cards\CardGraphicTest" file="/home/miraju/git/dbwebb-kurser/mvc/me/report/tests/Cards/CardGraphicTest.php" tests="1" assertions="1" errors="0" warnings="0" failures="0" skipped="0" time="0.002192">
        <testcase name="testGetCardRep" class="App\Cards\CardGraphicTest" classname="App.Cards.CardGraphicTest" file="/home/miraju/git/dbwebb-kurser/mvc/me/report/tests/Cards/CardGraphicTest.php" line="22" assertions="1" time="0.002192"/>
      </testsuite>
      <testsuite name="App\Cards\CardHandTest" file="/home/miraju/git/dbwebb-kurser/mvc/me/report/tests/Cards/CardHandTest.php" tests="2" assertions="3" errors="0" warnings="0" failures="0" skipped="0" time="0.001110">
        <testcase name="testAdd" class="App\Cards\CardHandTest" classname="App.Cards.CardHandTest" file="/home/miraju/git/dbwebb-kurser/mvc/me/report/tests/Cards/CardHandTest.php" line="13" assertions="2" time="0.000664"/>
        <testcase name="testGetSum" class="App\Cards\CardHandTest" classname="App.Cards.CardHandTest" file="/home/miraju/git/dbwebb-kurser/mvc/me/report/tests/Cards/CardHandTest.php" line="27" assertions="1" time="0.000445"/>
      </testsuite>
      <testsuite name="App\Cards\CardTest" file="/home/miraju/git/dbwebb-kurser/mvc/me/report/tests/Cards/CardTest.php" tests="3" assertions="3" errors="0" warnings="0" failures="0" skipped="0" time="0.001147">
        <testcase name="testGetSuite" class="App\Cards\CardTest" classname="App.Cards.CardTest" file="/home/miraju/git/dbwebb-kurser/mvc/me/report/tests/Cards/CardTest.php" line="22" assertions="1" time="0.000391"/>
        <testcase name="testGetRank" class="App\Cards\CardTest" classname="App.Cards.CardTest" file="/home/miraju/git/dbwebb-kurser/mvc/me/report/tests/Cards/CardTest.php" line="27" assertions="1" time="0.000382"/>
        <testcase name="testGetPoint" class="App\Cards\CardTest" classname="App.Cards.CardTest" file="/home/miraju/git/dbwebb-kurser/mvc/me/report/tests/Cards/CardTest.php" line="32" assertions="1" time="0.000374"/>
      </testsuite>
      <testsuite name="App\Cards\DeckTest" file="/home/miraju/git/dbwebb-kurser/mvc/me/report/tests/Cards/DeckTest.php" tests="4" assertions="8" errors="0" warnings="0" failures="0" skipped="0" time="0.003546">
        <testcase name="testCreateDeck" class="App\Cards\DeckTest" classname="App.Cards.DeckTest" file="/home/miraju/git/dbwebb-kurser/mvc/me/report/tests/Cards/DeckTest.php" line="13" assertions="2" time="0.000858"/>
        <testcase name="testDraw" class="App\Cards\DeckTest" classname="App.Cards.DeckTest" file="/home/miraju/git/dbwebb-kurser/mvc/me/report/tests/Cards/DeckTest.php" line="22" assertions="3" time="0.000773"/>
        <testcase name="testCardLeft" class="App\Cards\DeckTest" classname="App.Cards.DeckTest" file="/home/miraju/git/dbwebb-kurser/mvc/me/report/tests/Cards/DeckTest.php" line="34" assertions="2" time="0.000843"/>
        <testcase name="testShuffleDeck" class="App\Cards\DeckTest" classname="App.Cards.DeckTest" file="/home/miraju/git/dbwebb-kurser/mvc/me/report/tests/Cards/DeckTest.php" line="44" assertions="1" time="0.001072"/>
      </testsuite>
      <testsuite name="App\Cards\FiveCardPokerTest" file="/home/miraju/git/dbwebb-kurser/mvc/me/report/tests/Cards/FiveCardPokerTest.php" tests="35" assertions="49" errors="0" warnings="0" failures="0" skipped="0" time="0.040862">
        <testcase name="testDealHand" class="App\Cards\FiveCardPokerTest" classname="App.Cards.FiveCardPokerTest" file="/home/miraju/git/dbwebb-kurser/mvc/me/report/tests/Cards/FiveCardPokerTest.php" line="13" assertions="2" time="0.001117"/>
        <testcase name="testGetTurn" class="App\Cards\FiveCardPokerTest" classname="App.Cards.FiveCardPokerTest" file="/home/miraju/git/dbwebb-kurser/mvc/me/report/tests/Cards/FiveCardPokerTest.php" line="22" assertions="2" time="0.000772"/>
        <testcase name="testGetPot" class="App\Cards\FiveCardPokerTest" classname="App.Cards.FiveCardPokerTest" file="/home/miraju/git/dbwebb-kurser/mvc/me/report/tests/Cards/FiveCardPokerTest.php" line="30" assertions="2" time="0.000527"/>
        <testcase name="testIncPot" class="App\Cards\FiveCardPokerTest" classname="App.Cards.FiveCardPokerTest" file="/home/miraju/git/dbwebb-kurser/mvc/me/report/tests/Cards/FiveCardPokerTest.php" line="38" assertions="2" time="0.000497"/>
        <testcase name="testIncTurn" class="App\Cards\FiveCardPokerTest" classname="App.Cards.FiveCardPokerTest" file="/home/miraju/git/dbwebb-kurser/mvc/me/report/tests/Cards/FiveCardPokerTest.php" line="48" assertions="2" time="0.000494"/>
        <testcase name="testSwapCard" class="App\Cards\FiveCardPokerTest" classname="App.Cards.FiveCardPokerTest" file="/home/miraju/git/dbwebb-kurser/mvc/me/report/tests/Cards/FiveCardPokerTest.php" line="57" assertions="2" time="0.001294"/>
        <testcase name="testHighCard" class="App\Cards\FiveCardPokerTest" classname="App.Cards.FiveCardPokerTest" file="/home/miraju/git/dbwebb-kurser/mvc/me/report/tests/Cards/FiveCardPokerTest.php" line="78" assertions="1" time="0.000876"/>
        <testcase name="testOnePair" class="App\Cards\FiveCardPokerTest" classname="App.Cards.FiveCardPokerTest" file="/home/miraju/git/dbwebb-kurser/mvc/me/report/tests/Cards/FiveCardPokerTest.php" line="95" assertions="1" time="0.000585"/>
        <testcase name="testTwoPair" class="App\Cards\FiveCardPokerTest" classname="App.Cards.FiveCardPokerTest" file="/home/miraju/git/dbwebb-kurser/mvc/me/report/tests/Cards/FiveCardPokerTest.php" line="112" assertions="1" time="0.000649"/>
        <testcase name="testThreeOfAKind" class="App\Cards\FiveCardPokerTest" classname="App.Cards.FiveCardPokerTest" file="/home/miraju/git/dbwebb-kurser/mvc/me/report/tests/Cards/FiveCardPokerTest.php" line="129" assertions="1" time="0.001119"/>
        <testcase name="testFullHouse" class="App\Cards\FiveCardPokerTest" classname="App.Cards.FiveCardPokerTest" file="/home/miraju/git/dbwebb-kurser/mvc/me/report/tests/Cards/FiveCardPokerTest.php" line="146" assertions="1" time="0.000878"/>
        <testcase name="testFourOfAKind" class="App\Cards\FiveCardPokerTest" classname="App.Cards.FiveCardPokerTest" file="/home/miraju/git/dbwebb-kurser/mvc/me/report/tests/Cards/FiveCardPokerTest.php" line="163" assertions="1" time="0.000626"/>
        <testcase name="testIsStraight" class="App\Cards\FiveCardPokerTest" classname="App.Cards.FiveCardPokerTest" file="/home/miraju/git/dbwebb-kurser/mvc/me/report/tests/Cards/FiveCardPokerTest.php" line="180" assertions="1" time="0.000622"/>
        <testcase name="testIsFlush" class="App\Cards\FiveCardPokerTest" classname="App.Cards.FiveCardPokerTest" file="/home/miraju/git/dbwebb-kurser/mvc/me/report/tests/Cards/FiveCardPokerTest.php" line="197" assertions="1" time="0.000690"/>
        <testcase name="testIsStraightFlush" class="App\Cards\FiveCardPokerTest" classname="App.Cards.FiveCardPokerTest" file="/home/miraju/git/dbwebb-kurser/mvc/me/report/tests/Cards/FiveCardPokerTest.php" line="214" assertions="1" time="0.000741"/>
        <testcase name="testIsRoyalFlush" class="App\Cards\FiveCardPokerTest" classname="App.Cards.FiveCardPokerTest" file="/home/miraju/git/dbwebb-kurser/mvc/me/report/tests/Cards/FiveCardPokerTest.php" line="231" assertions="1" time="0.000534"/>
        <testcase name="testCompareHighCardPlayerWin" class="App\Cards\FiveCardPokerTest" classname="App.Cards.FiveCardPokerTest" file="/home/miraju/git/dbwebb-kurser/mvc/me/report/tests/Cards/FiveCardPokerTest.php" line="248" assertions="2" time="0.001562"/>
        <testcase name="testCompareHighCardComWin" class="App\Cards\FiveCardPokerTest" classname="App.Cards.FiveCardPokerTest" file="/home/miraju/git/dbwebb-kurser/mvc/me/report/tests/Cards/FiveCardPokerTest.php" line="296" assertions="2" time="0.001387"/>
        <testcase name="testCompareHighCardDraw" class="App\Cards\FiveCardPokerTest" classname="App.Cards.FiveCardPokerTest" file="/home/miraju/git/dbwebb-kurser/mvc/me/report/tests/Cards/FiveCardPokerTest.php" line="344" assertions="1" time="0.001498"/>
        <testcase name="testCompareOnePairPlayerWin" class="App\Cards\FiveCardPokerTest" classname="App.Cards.FiveCardPokerTest" file="/home/miraju/git/dbwebb-kurser/mvc/me/report/tests/Cards/FiveCardPokerTest.php" line="370" assertions="2" time="0.001721"/>
        <testcase name="testCompareOnePairComWin" class="App\Cards\FiveCardPokerTest" classname="App.Cards.FiveCardPokerTest" file="/home/miraju/git/dbwebb-kurser/mvc/me/report/tests/Cards/FiveCardPokerTest.php" line="418" assertions="2" time="0.001964"/>
        <testcase name="testCompareOnePairDraw" class="App\Cards\FiveCardPokerTest" classname="App.Cards.FiveCardPokerTest" file="/home/miraju/git/dbwebb-kurser/mvc/me/report/tests/Cards/FiveCardPokerTest.php" line="466" assertions="1" time="0.001496"/>
        <testcase name="testCompareTwoPairPlayerWin" class="App\Cards\FiveCardPokerTest" classname="App.Cards.FiveCardPokerTest" file="/home/miraju/git/dbwebb-kurser/mvc/me/report/tests/Cards/FiveCardPokerTest.php" line="492" assertions="3" time="0.002451"/>
        <testcase name="testCompareTwoPairComWin" class="App\Cards\FiveCardPokerTest" classname="App.Cards.FiveCardPokerTest" file="/home/miraju/git/dbwebb-kurser/mvc/me/report/tests/Cards/FiveCardPokerTest.php" line="562" assertions="3" time="0.002433"/>
        <testcase name="testCompareTwoPairDraw" class="App\Cards\FiveCardPokerTest" classname="App.Cards.FiveCardPokerTest" file="/home/miraju/git/dbwebb-kurser/mvc/me/report/tests/Cards/FiveCardPokerTest.php" line="632" assertions="1" time="0.001583"/>
        <testcase name="testCompareThreeOfAKindPlayerWin" class="App\Cards\FiveCardPokerTest" classname="App.Cards.FiveCardPokerTest" file="/home/miraju/git/dbwebb-kurser/mvc/me/report/tests/Cards/FiveCardPokerTest.php" line="657" assertions="1" time="0.001250"/>
        <testcase name="testCompareThreeOfAKindComWin" class="App\Cards\FiveCardPokerTest" classname="App.Cards.FiveCardPokerTest" file="/home/miraju/git/dbwebb-kurser/mvc/me/report/tests/Cards/FiveCardPokerTest.php" line="683" assertions="1" time="0.001337"/>
        <testcase name="testCompareFourOfAKindPlayerWin" class="App\Cards\FiveCardPokerTest" classname="App.Cards.FiveCardPokerTest" file="/home/miraju/git/dbwebb-kurser/mvc/me/report/tests/Cards/FiveCardPokerTest.php" line="709" assertions="1" time="0.001472"/>
        <testcase name="testCompareFourOfAKindComWin" class="App\Cards\FiveCardPokerTest" classname="App.Cards.FiveCardPokerTest" file="/home/miraju/git/dbwebb-kurser/mvc/me/report/tests/Cards/FiveCardPokerTest.php" line="735" assertions="1" time="0.001049"/>
        <testcase name="testCompareHandPlayerWin" class="App\Cards\FiveCardPokerTest" classname="App.Cards.FiveCardPokerTest" file="/home/miraju/git/dbwebb-kurser/mvc/me/report/tests/Cards/FiveCardPokerTest.php" line="761" assertions="1" time="0.001288"/>
        <testcase name="testCompareHandComWin" class="App\Cards\FiveCardPokerTest" classname="App.Cards.FiveCardPokerTest" file="/home/miraju/git/dbwebb-kurser/mvc/me/report/tests/Cards/FiveCardPokerTest.php" line="787" assertions="1" time="0.001339"/>
        <testcase name="testComLogicThreeOfAKind" class="App\Cards\FiveCardPokerTest" classname="App.Cards.FiveCardPokerTest" file="/home/miraju/git/dbwebb-kurser/mvc/me/report/tests/Cards/FiveCardPokerTest.php" line="813" assertions="1" time="0.001213"/>
        <testcase name="testComLogicOnePair" class="App\Cards\FiveCardPokerTest" classname="App.Cards.FiveCardPokerTest" file="/home/miraju/git/dbwebb-kurser/mvc/me/report/tests/Cards/FiveCardPokerTest.php" line="831" assertions="1" time="0.001382"/>
        <testcase name="testComLogicTwoPair" class="App\Cards\FiveCardPokerTest" classname="App.Cards.FiveCardPokerTest" file="/home/miraju/git/dbwebb-kurser/mvc/me/report/tests/Cards/FiveCardPokerTest.php" line="849" assertions="1" time="0.001133"/>
        <testcase name="testComLogicHighCard" class="App\Cards\FiveCardPokerTest" classname="App.Cards.FiveCardPokerTest" file="/home/miraju/git/dbwebb-kurser/mvc/me/report/tests/Cards/FiveCardPokerTest.php" line="867" assertions="1" time="0.001283"/>
      </testsuite>
      <testsuite name="App\Cards\TestGame21" file="/home/miraju/git/dbwebb-kurser/mvc/me/report/tests/Cards/Game21Test.php" tests="5" assertions="16" errors="0" warnings="0" failures="0" skipped="0" time="0.005727">
        <testcase name="testPlayerDraw" class="App\Cards\TestGame21" classname="App.Cards.TestGame21" file="/home/miraju/git/dbwebb-kurser/mvc/me/report/tests/Cards/Game21Test.php" line="13" assertions="3" time="0.001492"/>
        <testcase name="testBankDraw" class="App\Cards\TestGame21" classname="App.Cards.TestGame21" file="/home/miraju/git/dbwebb-kurser/mvc/me/report/tests/Cards/Game21Test.php" line="24" assertions="3" time="0.000689"/>
        <testcase name="testSetGameover" class="App\Cards\TestGame21" classname="App.Cards.TestGame21" file="/home/miraju/git/dbwebb-kurser/mvc/me/report/tests/Cards/Game21Test.php" line="35" assertions="2" time="0.000914"/>
        <testcase name="testBankTurn" class="App\Cards\TestGame21" classname="App.Cards.TestGame21" file="/home/miraju/git/dbwebb-kurser/mvc/me/report/tests/Cards/Game21Test.php" line="44" assertions="3" time="0.001931"/>
        <testcase name="testComparePoints" class="App\Cards\TestGame21" classname="App.Cards.TestGame21" file="/home/miraju/git/dbwebb-kurser/mvc/me/report/tests/Cards/Game21Test.php" line="54" assertions="5" time="0.000701"/>
      </testsuite>
      <testsuite name="App\Controller\ApiCardControllerTest" file="/home/miraju/git/dbwebb-kurser/mvc/me/report/tests/Controller/ApiCardControllerTest.php" tests="3" assertions="9" errors="0" warnings="0" failures="0" skipped="0" time="0.141247">
        <testcase name="testJsonDeck" class="App\Controller\ApiCardControllerTest" classname="App.Controller.ApiCardControllerTest" file="/home/miraju/git/dbwebb-kurser/mvc/me/report/tests/Controller/ApiCardControllerTest.php" line="12" assertions="3" time="0.100424"/>
        <testcase name="testJsonShuffle" class="App\Controller\ApiCardControllerTest" classname="App.Controller.ApiCardControllerTest" file="/home/miraju/git/dbwebb-kurser/mvc/me/report/tests/Controller/ApiCardControllerTest.php" line="23" assertions="3" time="0.015371"/>
        <testcase name="testJsonDraw" class="App\Controller\ApiCardControllerTest" classname="App.Controller.ApiCardControllerTest" file="/home/miraju/git/dbwebb-kurser/mvc/me/report/tests/Controller/ApiCardControllerTest.php" line="34" assertions="3" time="0.025453"/>
      </testsuite>
      <testsuite name="App\Controller\CardControllerTest" file="/home/miraju/git/dbwebb-kurser/mvc/me/report/tests/Controller/CardControllerTest.php" tests="4" assertions="8" errors="0" warnings="0" failures="0" skipped="0" time="0.067309">
        <testcase name="testLandingPage" class="App\Controller\CardControllerTest" classname="App.Controller.CardControllerTest" file="/home/miraju/git/dbwebb-kurser/mvc/me/report/tests/Controller/CardControllerTest.php" line="14" assertions="2" time="0.015126"/>
        <testcase name="testDeck" class="App\Controller\CardControllerTest" classname="App.Controller.CardControllerTest" file="/home/miraju/git/dbwebb-kurser/mvc/me/report/tests/Controller/CardControllerTest.php" line="23" assertions="2" time="0.012678"/>
        <testcase name="testShuffle" class="App\Controller\CardControllerTest" classname="App.Controller.CardControllerTest" file="/home/miraju/git/dbwebb-kurser/mvc/me/report/tests/Controller/CardControllerTest.php" line="32" assertions="2" time="0.014226"/>
        <testcase name="testDraw" class="App\Controller\CardControllerTest" classname="App.Controller.CardControllerTest" file="/home/miraju/git/dbwebb-kurser/mvc/me/report/tests/Controller/CardControllerTest.php" line="41" assertions="2" time="0.025278"/>
      </testsuite>
      <testsuite name="App\Controller\GameControllerTest" file="/home/miraju/git/dbwebb-kurser/mvc/me/report/tests/Controller/GameControllerTest.php" tests="3" assertions="14" errors="0" warnings="0" failures="0" skipped="0" time="0.072820">
        <testcase name="testLandingPage" class="App\Controller\GameControllerTest" classname="App.Controller.GameControllerTest" file="/home/miraju/git/dbwebb-kurser/mvc/me/report/tests/Controller/GameControllerTest.php" line="13" assertions="3" time="0.012782"/>
        <testcase name="testGameStartFromLandingPage" class="App\Controller\GameControllerTest" classname="App.Controller.GameControllerTest" file="/home/miraju/git/dbwebb-kurser/mvc/me/report/tests/Controller/GameControllerTest.php" line="23" assertions="5" time="0.025336"/>
        <testcase name="testGameStartDirectly" class="App\Controller\GameControllerTest" classname="App.Controller.GameControllerTest" file="/home/miraju/git/dbwebb-kurser/mvc/me/report/tests/Controller/GameControllerTest.php" line="35" assertions="6" time="0.034702"/>
      </testsuite>
    </testsuite>
  </testsuite>
</testsuites>
