<?xml version="1.0" encoding="UTF-8"?>
<testsuites>
  <testsuite name="" tests="63" assertions="120" errors="0" warnings="0" failures="0" skipped="0" time="0.372922">
    <testsuite name="Report Test Suite" tests="63" assertions="120" errors="0" warnings="0" failures="0" skipped="0" time="0.372922">
      <testsuite name="App\Cards\CardGraphicTest" file="/home/miraju/git/dbwebb-kurser/mvc/me/report/tests/Cards/CardGraphicTest.php" tests="1" assertions="1" errors="0" warnings="0" failures="0" skipped="0" time="0.002229">
        <testcase name="testGetCardRep" class="App\Cards\CardGraphicTest" classname="App.Cards.CardGraphicTest" file="/home/miraju/git/dbwebb-kurser/mvc/me/report/tests/Cards/CardGraphicTest.php" line="22" assertions="1" time="0.002229"/>
      </testsuite>
      <testsuite name="App\Cards\CardHandTest" file="/home/miraju/git/dbwebb-kurser/mvc/me/report/tests/Cards/CardHandTest.php" tests="2" assertions="3" errors="0" warnings="0" failures="0" skipped="0" time="0.001281">
        <testcase name="testAdd" class="App\Cards\CardHandTest" classname="App.Cards.CardHandTest" file="/home/miraju/git/dbwebb-kurser/mvc/me/report/tests/Cards/CardHandTest.php" line="13" assertions="2" time="0.000812"/>
        <testcase name="testGetSum" class="App\Cards\CardHandTest" classname="App.Cards.CardHandTest" file="/home/miraju/git/dbwebb-kurser/mvc/me/report/tests/Cards/CardHandTest.php" line="27" assertions="1" time="0.000470"/>
      </testsuite>
      <testsuite name="App\Cards\CardTest" file="/home/miraju/git/dbwebb-kurser/mvc/me/report/tests/Cards/CardTest.php" tests="3" assertions="3" errors="0" warnings="0" failures="0" skipped="0" time="0.001368">
        <testcase name="testGetSuite" class="App\Cards\CardTest" classname="App.Cards.CardTest" file="/home/miraju/git/dbwebb-kurser/mvc/me/report/tests/Cards/CardTest.php" line="22" assertions="1" time="0.000446"/>
        <testcase name="testGetRank" class="App\Cards\CardTest" classname="App.Cards.CardTest" file="/home/miraju/git/dbwebb-kurser/mvc/me/report/tests/Cards/CardTest.php" line="27" assertions="1" time="0.000459"/>
        <testcase name="testGetPoint" class="App\Cards\CardTest" classname="App.Cards.CardTest" file="/home/miraju/git/dbwebb-kurser/mvc/me/report/tests/Cards/CardTest.php" line="32" assertions="1" time="0.000463"/>
      </testsuite>
      <testsuite name="App\Cards\DeckTest" file="/home/miraju/git/dbwebb-kurser/mvc/me/report/tests/Cards/DeckTest.php" tests="4" assertions="8" errors="0" warnings="0" failures="0" skipped="0" time="0.003847">
        <testcase name="testCreateDeck" class="App\Cards\DeckTest" classname="App.Cards.DeckTest" file="/home/miraju/git/dbwebb-kurser/mvc/me/report/tests/Cards/DeckTest.php" line="13" assertions="2" time="0.000857"/>
        <testcase name="testDraw" class="App\Cards\DeckTest" classname="App.Cards.DeckTest" file="/home/miraju/git/dbwebb-kurser/mvc/me/report/tests/Cards/DeckTest.php" line="22" assertions="3" time="0.000817"/>
        <testcase name="testCardLeft" class="App\Cards\DeckTest" classname="App.Cards.DeckTest" file="/home/miraju/git/dbwebb-kurser/mvc/me/report/tests/Cards/DeckTest.php" line="34" assertions="2" time="0.000975"/>
        <testcase name="testShuffleDeck" class="App\Cards\DeckTest" classname="App.Cards.DeckTest" file="/home/miraju/git/dbwebb-kurser/mvc/me/report/tests/Cards/DeckTest.php" line="44" assertions="1" time="0.001199"/>
      </testsuite>
      <testsuite name="App\Cards\FiveCardPokerTest" file="/home/miraju/git/dbwebb-kurser/mvc/me/report/tests/Cards/FiveCardPokerTest.php" tests="36" assertions="50" errors="0" warnings="0" failures="0" skipped="0" time="0.041547">
        <testcase name="testDealHand" class="App\Cards\FiveCardPokerTest" classname="App.Cards.FiveCardPokerTest" file="/home/miraju/git/dbwebb-kurser/mvc/me/report/tests/Cards/FiveCardPokerTest.php" line="13" assertions="2" time="0.001382"/>
        <testcase name="testGetTurn" class="App\Cards\FiveCardPokerTest" classname="App.Cards.FiveCardPokerTest" file="/home/miraju/git/dbwebb-kurser/mvc/me/report/tests/Cards/FiveCardPokerTest.php" line="22" assertions="2" time="0.000890"/>
        <testcase name="testGetPot" class="App\Cards\FiveCardPokerTest" classname="App.Cards.FiveCardPokerTest" file="/home/miraju/git/dbwebb-kurser/mvc/me/report/tests/Cards/FiveCardPokerTest.php" line="30" assertions="2" time="0.000520"/>
        <testcase name="testIncPot" class="App\Cards\FiveCardPokerTest" classname="App.Cards.FiveCardPokerTest" file="/home/miraju/git/dbwebb-kurser/mvc/me/report/tests/Cards/FiveCardPokerTest.php" line="38" assertions="2" time="0.000506"/>
        <testcase name="testIncTurn" class="App\Cards\FiveCardPokerTest" classname="App.Cards.FiveCardPokerTest" file="/home/miraju/git/dbwebb-kurser/mvc/me/report/tests/Cards/FiveCardPokerTest.php" line="48" assertions="2" time="0.000497"/>
        <testcase name="testSwapCard" class="App\Cards\FiveCardPokerTest" classname="App.Cards.FiveCardPokerTest" file="/home/miraju/git/dbwebb-kurser/mvc/me/report/tests/Cards/FiveCardPokerTest.php" line="57" assertions="2" time="0.001387"/>
        <testcase name="testHighCard" class="App\Cards\FiveCardPokerTest" classname="App.Cards.FiveCardPokerTest" file="/home/miraju/git/dbwebb-kurser/mvc/me/report/tests/Cards/FiveCardPokerTest.php" line="78" assertions="1" time="0.000954"/>
        <testcase name="testOnePair" class="App\Cards\FiveCardPokerTest" classname="App.Cards.FiveCardPokerTest" file="/home/miraju/git/dbwebb-kurser/mvc/me/report/tests/Cards/FiveCardPokerTest.php" line="95" assertions="1" time="0.000699"/>
        <testcase name="testTwoPair" class="App\Cards\FiveCardPokerTest" classname="App.Cards.FiveCardPokerTest" file="/home/miraju/git/dbwebb-kurser/mvc/me/report/tests/Cards/FiveCardPokerTest.php" line="112" assertions="1" time="0.000754"/>
        <testcase name="testThreeOfAKind" class="App\Cards\FiveCardPokerTest" classname="App.Cards.FiveCardPokerTest" file="/home/miraju/git/dbwebb-kurser/mvc/me/report/tests/Cards/FiveCardPokerTest.php" line="129" assertions="1" time="0.000602"/>
        <testcase name="testFullHouse" class="App\Cards\FiveCardPokerTest" classname="App.Cards.FiveCardPokerTest" file="/home/miraju/git/dbwebb-kurser/mvc/me/report/tests/Cards/FiveCardPokerTest.php" line="146" assertions="1" time="0.000716"/>
        <testcase name="testFourOfAKind" class="App\Cards\FiveCardPokerTest" classname="App.Cards.FiveCardPokerTest" file="/home/miraju/git/dbwebb-kurser/mvc/me/report/tests/Cards/FiveCardPokerTest.php" line="163" assertions="1" time="0.000827"/>
        <testcase name="testIsStraight" class="App\Cards\FiveCardPokerTest" classname="App.Cards.FiveCardPokerTest" file="/home/miraju/git/dbwebb-kurser/mvc/me/report/tests/Cards/FiveCardPokerTest.php" line="180" assertions="1" time="0.000698"/>
        <testcase name="testIsFlush" class="App\Cards\FiveCardPokerTest" classname="App.Cards.FiveCardPokerTest" file="/home/miraju/git/dbwebb-kurser/mvc/me/report/tests/Cards/FiveCardPokerTest.php" line="197" assertions="1" time="0.000617"/>
        <testcase name="testIsStraightFlush" class="App\Cards\FiveCardPokerTest" classname="App.Cards.FiveCardPokerTest" file="/home/miraju/git/dbwebb-kurser/mvc/me/report/tests/Cards/FiveCardPokerTest.php" line="214" assertions="1" time="0.000645"/>
        <testcase name="testIsRoyalFlush" class="App\Cards\FiveCardPokerTest" classname="App.Cards.FiveCardPokerTest" file="/home/miraju/git/dbwebb-kurser/mvc/me/report/tests/Cards/FiveCardPokerTest.php" line="231" assertions="1" time="0.000815"/>
        <testcase name="testCompareHighCardPlayerWin" class="App\Cards\FiveCardPokerTest" classname="App.Cards.FiveCardPokerTest" file="/home/miraju/git/dbwebb-kurser/mvc/me/report/tests/Cards/FiveCardPokerTest.php" line="248" assertions="2" time="0.001417"/>
        <testcase name="testCompareHighCardComWin" class="App\Cards\FiveCardPokerTest" classname="App.Cards.FiveCardPokerTest" file="/home/miraju/git/dbwebb-kurser/mvc/me/report/tests/Cards/FiveCardPokerTest.php" line="296" assertions="2" time="0.001528"/>
        <testcase name="testCompareHighCardDraw" class="App\Cards\FiveCardPokerTest" classname="App.Cards.FiveCardPokerTest" file="/home/miraju/git/dbwebb-kurser/mvc/me/report/tests/Cards/FiveCardPokerTest.php" line="344" assertions="1" time="0.000962"/>
        <testcase name="testCompareOnePairPlayerWin" class="App\Cards\FiveCardPokerTest" classname="App.Cards.FiveCardPokerTest" file="/home/miraju/git/dbwebb-kurser/mvc/me/report/tests/Cards/FiveCardPokerTest.php" line="370" assertions="2" time="0.002169"/>
        <testcase name="testCompareOnePairComWin" class="App\Cards\FiveCardPokerTest" classname="App.Cards.FiveCardPokerTest" file="/home/miraju/git/dbwebb-kurser/mvc/me/report/tests/Cards/FiveCardPokerTest.php" line="418" assertions="2" time="0.001840"/>
        <testcase name="testCompareOnePairDraw" class="App\Cards\FiveCardPokerTest" classname="App.Cards.FiveCardPokerTest" file="/home/miraju/git/dbwebb-kurser/mvc/me/report/tests/Cards/FiveCardPokerTest.php" line="466" assertions="1" time="0.001572"/>
        <testcase name="testCompareTwoPairPlayerWin" class="App\Cards\FiveCardPokerTest" classname="App.Cards.FiveCardPokerTest" file="/home/miraju/git/dbwebb-kurser/mvc/me/report/tests/Cards/FiveCardPokerTest.php" line="492" assertions="3" time="0.002493"/>
        <testcase name="testCompareTwoPairComWin" class="App\Cards\FiveCardPokerTest" classname="App.Cards.FiveCardPokerTest" file="/home/miraju/git/dbwebb-kurser/mvc/me/report/tests/Cards/FiveCardPokerTest.php" line="562" assertions="3" time="0.002447"/>
        <testcase name="testCompareTwoPairDraw" class="App\Cards\FiveCardPokerTest" classname="App.Cards.FiveCardPokerTest" file="/home/miraju/git/dbwebb-kurser/mvc/me/report/tests/Cards/FiveCardPokerTest.php" line="632" assertions="1" time="0.001494"/>
        <testcase name="testCompareThreeOfAKindPlayerWin" class="App\Cards\FiveCardPokerTest" classname="App.Cards.FiveCardPokerTest" file="/home/miraju/git/dbwebb-kurser/mvc/me/report/tests/Cards/FiveCardPokerTest.php" line="658" assertions="1" time="0.001181"/>
        <testcase name="testCompareThreeOfAKindComWin" class="App\Cards\FiveCardPokerTest" classname="App.Cards.FiveCardPokerTest" file="/home/miraju/git/dbwebb-kurser/mvc/me/report/tests/Cards/FiveCardPokerTest.php" line="684" assertions="1" time="0.001062"/>
        <testcase name="testCompareFourOfAKindPlayerWin" class="App\Cards\FiveCardPokerTest" classname="App.Cards.FiveCardPokerTest" file="/home/miraju/git/dbwebb-kurser/mvc/me/report/tests/Cards/FiveCardPokerTest.php" line="710" assertions="1" time="0.001205"/>
        <testcase name="testCompareFourOfAKindComWin" class="App\Cards\FiveCardPokerTest" classname="App.Cards.FiveCardPokerTest" file="/home/miraju/git/dbwebb-kurser/mvc/me/report/tests/Cards/FiveCardPokerTest.php" line="736" assertions="1" time="0.000917"/>
        <testcase name="testCompareHandPlayerWin" class="App\Cards\FiveCardPokerTest" classname="App.Cards.FiveCardPokerTest" file="/home/miraju/git/dbwebb-kurser/mvc/me/report/tests/Cards/FiveCardPokerTest.php" line="762" assertions="1" time="0.001466"/>
        <testcase name="testCompareHandComWin" class="App\Cards\FiveCardPokerTest" classname="App.Cards.FiveCardPokerTest" file="/home/miraju/git/dbwebb-kurser/mvc/me/report/tests/Cards/FiveCardPokerTest.php" line="788" assertions="1" time="0.001211"/>
        <testcase name="testComLogicThreeOfAKind" class="App\Cards\FiveCardPokerTest" classname="App.Cards.FiveCardPokerTest" file="/home/miraju/git/dbwebb-kurser/mvc/me/report/tests/Cards/FiveCardPokerTest.php" line="814" assertions="1" time="0.000980"/>
        <testcase name="testComLogicOnePair" class="App\Cards\FiveCardPokerTest" classname="App.Cards.FiveCardPokerTest" file="/home/miraju/git/dbwebb-kurser/mvc/me/report/tests/Cards/FiveCardPokerTest.php" line="832" assertions="1" time="0.001641"/>
        <testcase name="testComLogicTwoPair" class="App\Cards\FiveCardPokerTest" classname="App.Cards.FiveCardPokerTest" file="/home/miraju/git/dbwebb-kurser/mvc/me/report/tests/Cards/FiveCardPokerTest.php" line="850" assertions="1" time="0.001068"/>
        <testcase name="testComLogicHighCard" class="App\Cards\FiveCardPokerTest" classname="App.Cards.FiveCardPokerTest" file="/home/miraju/git/dbwebb-kurser/mvc/me/report/tests/Cards/FiveCardPokerTest.php" line="868" assertions="1" time="0.001254"/>
        <testcase name="testComLogicHigherRank" class="App\Cards\FiveCardPokerTest" classname="App.Cards.FiveCardPokerTest" file="/home/miraju/git/dbwebb-kurser/mvc/me/report/tests/Cards/FiveCardPokerTest.php" line="886" assertions="1" time="0.001131"/>
      </testsuite>
      <testsuite name="App\Cards\TestGame21" file="/home/miraju/git/dbwebb-kurser/mvc/me/report/tests/Cards/Game21Test.php" tests="5" assertions="16" errors="0" warnings="0" failures="0" skipped="0" time="0.004629">
        <testcase name="testPlayerDraw" class="App\Cards\TestGame21" classname="App.Cards.TestGame21" file="/home/miraju/git/dbwebb-kurser/mvc/me/report/tests/Cards/Game21Test.php" line="13" assertions="3" time="0.001053"/>
        <testcase name="testBankDraw" class="App\Cards\TestGame21" classname="App.Cards.TestGame21" file="/home/miraju/git/dbwebb-kurser/mvc/me/report/tests/Cards/Game21Test.php" line="24" assertions="3" time="0.000680"/>
        <testcase name="testSetGameover" class="App\Cards\TestGame21" classname="App.Cards.TestGame21" file="/home/miraju/git/dbwebb-kurser/mvc/me/report/tests/Cards/Game21Test.php" line="35" assertions="2" time="0.000625"/>
        <testcase name="testBankTurn" class="App\Cards\TestGame21" classname="App.Cards.TestGame21" file="/home/miraju/git/dbwebb-kurser/mvc/me/report/tests/Cards/Game21Test.php" line="44" assertions="3" time="0.001191"/>
        <testcase name="testComparePoints" class="App\Cards\TestGame21" classname="App.Cards.TestGame21" file="/home/miraju/git/dbwebb-kurser/mvc/me/report/tests/Cards/Game21Test.php" line="54" assertions="5" time="0.001079"/>
      </testsuite>
      <testsuite name="App\Controller\ApiCardControllerTest" file="/home/miraju/git/dbwebb-kurser/mvc/me/report/tests/Controller/ApiCardControllerTest.php" tests="3" assertions="9" errors="0" warnings="0" failures="0" skipped="0" time="0.146172">
        <testcase name="testJsonDeck" class="App\Controller\ApiCardControllerTest" classname="App.Controller.ApiCardControllerTest" file="/home/miraju/git/dbwebb-kurser/mvc/me/report/tests/Controller/ApiCardControllerTest.php" line="12" assertions="3" time="0.103750"/>
        <testcase name="testJsonShuffle" class="App\Controller\ApiCardControllerTest" classname="App.Controller.ApiCardControllerTest" file="/home/miraju/git/dbwebb-kurser/mvc/me/report/tests/Controller/ApiCardControllerTest.php" line="23" assertions="3" time="0.015921"/>
        <testcase name="testJsonDraw" class="App\Controller\ApiCardControllerTest" classname="App.Controller.ApiCardControllerTest" file="/home/miraju/git/dbwebb-kurser/mvc/me/report/tests/Controller/ApiCardControllerTest.php" line="34" assertions="3" time="0.026501"/>
      </testsuite>
      <testsuite name="App\Controller\CardControllerTest" file="/home/miraju/git/dbwebb-kurser/mvc/me/report/tests/Controller/CardControllerTest.php" tests="4" assertions="8" errors="0" warnings="0" failures="0" skipped="0" time="0.067649">
        <testcase name="testLandingPage" class="App\Controller\CardControllerTest" classname="App.Controller.CardControllerTest" file="/home/miraju/git/dbwebb-kurser/mvc/me/report/tests/Controller/CardControllerTest.php" line="14" assertions="2" time="0.015331"/>
        <testcase name="testDeck" class="App\Controller\CardControllerTest" classname="App.Controller.CardControllerTest" file="/home/miraju/git/dbwebb-kurser/mvc/me/report/tests/Controller/CardControllerTest.php" line="23" assertions="2" time="0.012004"/>
        <testcase name="testShuffle" class="App\Controller\CardControllerTest" classname="App.Controller.CardControllerTest" file="/home/miraju/git/dbwebb-kurser/mvc/me/report/tests/Controller/CardControllerTest.php" line="32" assertions="2" time="0.013953"/>
        <testcase name="testDraw" class="App\Controller\CardControllerTest" classname="App.Controller.CardControllerTest" file="/home/miraju/git/dbwebb-kurser/mvc/me/report/tests/Controller/CardControllerTest.php" line="41" assertions="2" time="0.026361"/>
      </testsuite>
      <testsuite name="App\Controller\GameControllerTest" file="/home/miraju/git/dbwebb-kurser/mvc/me/report/tests/Controller/GameControllerTest.php" tests="3" assertions="14" errors="0" warnings="0" failures="0" skipped="0" time="0.071656">
        <testcase name="testLandingPage" class="App\Controller\GameControllerTest" classname="App.Controller.GameControllerTest" file="/home/miraju/git/dbwebb-kurser/mvc/me/report/tests/Controller/GameControllerTest.php" line="13" assertions="3" time="0.012997"/>
        <testcase name="testGameStartFromLandingPage" class="App\Controller\GameControllerTest" classname="App.Controller.GameControllerTest" file="/home/miraju/git/dbwebb-kurser/mvc/me/report/tests/Controller/GameControllerTest.php" line="23" assertions="5" time="0.024664"/>
        <testcase name="testGameStartDirectly" class="App\Controller\GameControllerTest" classname="App.Controller.GameControllerTest" file="/home/miraju/git/dbwebb-kurser/mvc/me/report/tests/Controller/GameControllerTest.php" line="35" assertions="6" time="0.033995"/>
      </testsuite>
      <testsuite name="App\Controller\ProjectControllerTest" file="/home/miraju/git/dbwebb-kurser/mvc/me/report/tests/Controller/ProjectControllerTest.php" tests="2" assertions="8" errors="0" warnings="0" failures="0" skipped="0" time="0.032544">
        <testcase name="testLandingPage" class="App\Controller\ProjectControllerTest" classname="App.Controller.ProjectControllerTest" file="/home/miraju/git/dbwebb-kurser/mvc/me/report/tests/Controller/ProjectControllerTest.php" line="8" assertions="4" time="0.012458"/>
        <testcase name="testGamePage" class="App\Controller\ProjectControllerTest" classname="App.Controller.ProjectControllerTest" file="/home/miraju/git/dbwebb-kurser/mvc/me/report/tests/Controller/ProjectControllerTest.php" line="19" assertions="4" time="0.020086"/>
      </testsuite>
    </testsuite>
  </testsuite>
</testsuites>
